2025-06-14 20:02:43 - SentimentalBot - INFO - 本次AI分析的创建时间为: 2025-06-14 20:02:43
2025-06-14 20:02:43 - SentimentalBot - INFO - 数据获取周期为：2025-06-11 至 2025-06-14
2025-06-14 20:02:43 - SentimentalBot - INFO - 数据大小: (98, 7), 数据获取成功！
2025-06-14 20:02:43 - SentimentalBot - INFO - [Assistant] 共计 50 篇文章，并行处理！
2025-06-14 20:11:12 - SentimentalBot - INFO - 本次AI分析的创建时间为: 2025-06-14 20:11:12
2025-06-14 20:11:12 - SentimentalBot - INFO - 数据获取周期为：2025-06-11 至 2025-06-14
2025-06-14 20:11:12 - SentimentalBot - INFO - 数据大小: (98, 7), 数据获取成功！
2025-06-14 20:11:12 - SentimentalBot - INFO - [Assistant] 共计 50 篇文章，并行处理！
2025-06-14 20:14:59 - SentimentalBot - INFO - 本次AI分析的创建时间为: 2025-06-14 20:14:59
2025-06-14 20:14:59 - SentimentalBot - INFO - 数据获取周期为：2025-06-11 至 2025-06-14
2025-06-14 20:14:59 - SentimentalBot - INFO - 数据大小: (98, 7), 数据获取成功！
2025-06-14 20:14:59 - SentimentalBot - INFO - [Assistant] 共计 50 篇文章，并行处理！
2025-06-14 20:17:23 - SentimentalBot - INFO - 本次AI分析的创建时间为: 2025-06-14 20:17:23
2025-06-14 20:17:23 - SentimentalBot - INFO - 数据获取周期为：2025-06-11 至 2025-06-14
2025-06-14 20:17:23 - SentimentalBot - INFO - 数据大小: (98, 7), 数据获取成功！
2025-06-14 20:17:23 - SentimentalBot - INFO - [Assistant] 共计 50 篇文章，并行处理！
2025-06-14 20:18:55 - SentimentalBot - INFO - 本次AI分析的创建时间为: 2025-06-14 20:18:55
2025-06-14 20:18:55 - SentimentalBot - INFO - 数据获取周期为：2025-06-11 至 2025-06-14
2025-06-14 20:18:55 - SentimentalBot - INFO - 数据大小: (98, 7), 数据获取成功！
2025-06-14 20:18:55 - SentimentalBot - INFO - [Assistant] 共计 50 篇文章，并行处理！
2025-06-14 20:19:26 - SentimentalBot - INFO - 本次AI分析的创建时间为: 2025-06-14 20:19:26
2025-06-14 20:19:26 - SentimentalBot - INFO - 数据获取周期为：2025-06-11 至 2025-06-14
2025-06-14 20:19:26 - SentimentalBot - INFO - 数据大小: (98, 7), 数据获取成功！
2025-06-14 20:19:26 - SentimentalBot - INFO - [Assistant] 共计 50 篇文章，并行处理！
2025-06-14 20:20:21 - SentimentalBot - INFO - 本次AI分析的创建时间为: 2025-06-14 20:20:21
2025-06-14 20:20:21 - SentimentalBot - INFO - 数据获取周期为：2025-06-11 至 2025-06-14
2025-06-14 20:20:21 - SentimentalBot - INFO - 数据大小: (98, 7), 数据获取成功！
2025-06-14 20:20:21 - SentimentalBot - INFO - [Assistant] 共计 50 篇文章，并行处理！
2025-06-14 20:21:35 - SentimentalBot - INFO - 本次AI分析的创建时间为: 2025-06-14 20:21:35
2025-06-14 20:21:35 - SentimentalBot - INFO - 数据获取周期为：2025-06-11 至 2025-06-14
2025-06-14 20:21:35 - SentimentalBot - INFO - 数据大小: (98, 7), 数据获取成功！
2025-06-14 20:21:35 - SentimentalBot - INFO - [Assistant] 共计 50 篇文章，串行处理！
2025-06-14 20:21:35 - SentimentalBot - INFO - [Assistant] 命中缓存: (1 / 50), 标题: 20250613郑商所白糖期权报价
2025-06-14 20:21:35 - SentimentalBot - INFO - [Assistant] 命中缓存: (2 / 50), 标题: 20250613机构场外期权报价
2025-06-14 20:21:35 - SentimentalBot - INFO - [Assistant] 命中缓存: (3 / 50), 标题: 产糖率14.66%！探寻广西这家制糖公司荣登榜首的秘诀
2025-06-14 20:21:35 - SentimentalBot - INFO - [Assistant] 命中缓存: (4 / 50), 标题: 20250613国内制糖集团报价
2025-06-14 20:21:35 - SentimentalBot - INFO - [Assistant] 命中缓存: (5 / 50), 标题: 广西土壤墒情简报：全区农田墒情八五成以上适宜至过多 2025年第11期（总第331期）
2025-06-14 20:21:35 - SentimentalBot - INFO - [Assistant] 命中缓存: (6 / 50), 标题: USDA预计美国2025/26榨季产糖量为925.4万短吨
2025-06-14 20:21:35 - SentimentalBot - INFO - [Assistant] 命中缓存: (7 / 50), 标题: 20250612食糖进口成本及利润估算
2025-06-14 20:21:35 - SentimentalBot - INFO - [Assistant] 命中缓存: (8 / 50), 标题: 光大期货6.13：白糖早报
2025-06-14 20:21:35 - SentimentalBot - INFO - [Assistant] 命中缓存: (9 / 50), 标题: 广农糖业：统筹推进稳产提质增效，切实端稳“糖罐子”
2025-06-14 20:21:35 - SentimentalBot - INFO - [Assistant] 命中缓存: (10 / 50), 标题: 一德期货6.13：白糖早报
2025-06-14 20:21:35 - SentimentalBot - INFO - [Assistant] 命中缓存: (11 / 50), 标题: 永安期货2025年上半年：盛夏听风雨，价落知多少
2025-06-14 20:21:35 - SentimentalBot - INFO - [Assistant] 命中缓存: (12 / 50), 标题: 推动中国—东盟自贸区3.0版落地见效的突破重点与对策
2025-06-14 20:21:35 - SentimentalBot - INFO - [Assistant] 命中缓存: (13 / 50), 标题: 截至6月11日当周，巴西港口等待装运的食糖数量为291.04万吨
2025-06-14 20:21:35 - SentimentalBot - INFO - [Assistant] 命中缓存: (14 / 50), 标题: 巴西地理与统计研究所预计2025年甘蔗产量为69361.84万吨
2025-06-14 20:21:35 - SentimentalBot - INFO - [Assistant] 命中缓存: (15 / 50), 标题: 中州期货6.13：白糖早报
2025-06-14 20:21:35 - SentimentalBot - INFO - [Assistant] 命中缓存: (16 / 50), 标题: 国信期货6.13：白糖早报
2025-06-14 20:21:35 - SentimentalBot - INFO - [Assistant] 命中缓存: (17 / 50), 标题: 2025年6月中国农产品供需形势分析（食糖）
2025-06-14 20:21:35 - SentimentalBot - INFO - [Assistant] 命中缓存: (18 / 50), 标题: 五矿期货6.13：白糖早报
2025-06-14 20:21:35 - SentimentalBot - INFO - [Assistant] 命中缓存: (19 / 50), 标题: 广金期货6.13：白糖早报
2025-06-14 20:21:35 - SentimentalBot - INFO - [Assistant] 命中缓存: (20 / 50), 标题: 大地期货6.13：白糖早报
2025-06-14 20:21:35 - SentimentalBot - INFO - [Assistant] 命中缓存: (21 / 50), 标题: 20250612国内制糖集团报价
2025-06-14 20:21:35 - SentimentalBot - INFO - [Assistant] 命中缓存: (22 / 50), 标题: 20250612郑商所白糖期权报价
2025-06-14 20:21:35 - SentimentalBot - INFO - [Assistant] 命中缓存: (23 / 50), 标题: 20250612机构场外期权报价
2025-06-14 20:21:35 - SentimentalBot - INFO - [Assistant] 命中缓存: (24 / 50), 标题: 20250612郑商所白糖期货持仓数据
2025-06-14 20:21:35 - SentimentalBot - INFO - [Assistant] 命中缓存: (25 / 50), 标题: 2024/25榨季广西来宾糖料蔗种植面积达182.12万亩，制糖和综合利用产值预计突破150亿元
2025-06-14 20:21:35 - SentimentalBot - INFO - [Assistant] 命中缓存: (26 / 50), 标题: 工业和信息化部等七部门关于印发《食品工业数字化转型实施方案》的通知
2025-06-14 20:21:45 - SentimentalBot - INFO - [Assistant] AI分析: (27 / 50), 标题: ​马来西亚新版销售税7月1日生效，精制糖维持零税率，原糖征5%
2025-06-14 20:21:45 - SentimentalBot - INFO - [Assistant] 命中缓存: (28 / 50), 标题: 国元期货：利空情绪集中释放，郑糖大幅下挫
2025-06-14 20:21:45 - SentimentalBot - INFO - [Assistant] 命中缓存: (29 / 50), 标题: 20250611食糖进口成本及利润估算
2025-06-14 20:21:45 - SentimentalBot - INFO - [Assistant] 命中缓存: (30 / 50), 标题: 光大期货6.12：白糖早报
2025-06-14 20:21:45 - SentimentalBot - INFO - [Assistant] 命中缓存: (31 / 50), 标题: 中州期货6.12：白糖早报
2025-06-14 20:21:45 - SentimentalBot - INFO - [Assistant] 命中缓存: (32 / 50), 标题: 国信期货6.12：白糖早报
2025-06-14 20:21:45 - SentimentalBot - INFO - [Assistant] 命中缓存: (33 / 50), 标题: 五矿期货6.12：白糖早报
2025-06-14 20:21:45 - SentimentalBot - INFO - [Assistant] 命中缓存: (34 / 50), 标题: 广金期货6.12：白糖早报
2025-06-14 20:21:45 - SentimentalBot - INFO - [Assistant] 命中缓存: (35 / 50), 标题: 大地期货6.12：白糖早报
2025-06-14 20:21:45 - SentimentalBot - INFO - [Assistant] 命中缓存: (36 / 50), 标题: 20250611机构场外期权报价
2025-06-14 20:21:45 - SentimentalBot - INFO - [Assistant] 命中缓存: (37 / 50), 标题: 20250611郑商所白糖期权报价
2025-06-14 20:21:45 - SentimentalBot - INFO - [Assistant] 命中缓存: (38 / 50), 标题: 20250611国内制糖集团报价
2025-06-14 20:21:45 - SentimentalBot - INFO - [Assistant] 命中缓存: (39 / 50), 标题: S&P Global预计巴西中南部5月下半月产糖284万吨，同比增加4.7%
2025-06-14 20:21:45 - SentimentalBot - INFO - [Assistant] 命中缓存: (40 / 50), 标题: 云南西盟县2025年甘蔗种植面积达8.17万亩
2025-06-14 20:21:45 - SentimentalBot - INFO - [Assistant] 命中缓存: (41 / 50), 标题: 云南省2024/2025年榨季（12月-4月）进口甘蔗313万吨，同比增长28.8%
2025-06-14 20:21:45 - SentimentalBot - INFO - [Assistant] 命中缓存: (42 / 50), 标题: 20250610食糖进口成本及利润估算
2025-06-14 20:21:45 - SentimentalBot - INFO - [Assistant] 命中缓存: (43 / 50), 标题: 2024/25榨季截至4月底，我国进口甘蔗340.61万吨，其中云南进口量占比98.85%
2025-06-14 20:21:45 - SentimentalBot - INFO - [Assistant] 命中缓存: (44 / 50), 标题: 中州期货6.11：白糖早报
2025-06-14 20:21:45 - SentimentalBot - INFO - [Assistant] 命中缓存: (45 / 50), 标题: 国信期货6.11：白糖早报
2025-06-14 20:21:45 - SentimentalBot - INFO - [Assistant] 命中缓存: (46 / 50), 标题: 光大期货6.11：白糖早报
2025-06-14 20:21:45 - SentimentalBot - INFO - [Assistant] 命中缓存: (47 / 50), 标题: 五矿期货6.11：白糖早报
2025-06-14 20:21:45 - SentimentalBot - INFO - [Assistant] 命中缓存: (48 / 50), 标题: 大地期货6.11：白糖早报
2025-06-14 20:21:45 - SentimentalBot - INFO - [Assistant] 命中缓存: (49 / 50), 标题: 广金期货6.11：白糖早报
2025-06-14 20:21:45 - SentimentalBot - INFO - [Assistant] 命中缓存: (50 / 50), 标题: 20250609食糖进口成本及利润估算
2025-06-14 20:28:14 - SentimentalBot - INFO - 本次AI分析的创建时间为: 2025-06-14 20:28:14
2025-06-14 20:28:14 - SentimentalBot - INFO - 数据获取周期为：2025-06-11 至 2025-06-14
2025-06-14 20:28:14 - SentimentalBot - INFO - 数据大小: (98, 7), 数据获取成功！
2025-06-14 20:28:14 - SentimentalBot - INFO - [Assistant] 共计 50 篇文章，并行处理！
2025-06-14 20:28:28 - SentimentalBot - INFO - [Assistant] 并行处理完成: 命中缓存: 1.0
2025-06-14 20:30:00 - SentimentalBot - INFO - 数据大小: (98, 7), 数据获取成功！
2025-06-14 20:31:55 - SentimentalBot - INFO - 数据大小: (98, 7), 数据获取成功！
2025-06-14 20:33:00 - SentimentalBot - INFO - 本次AI分析的创建时间为: 2025-06-14 20:33:00
2025-06-14 20:33:00 - SentimentalBot - INFO - 数据获取周期为：2025-06-11 至 2025-06-14
2025-06-14 20:33:00 - SentimentalBot - INFO - 数据大小: (98, 7), 数据获取成功！
2025-06-14 20:33:00 - SentimentalBot - INFO - [Assistant] 共计 50 篇文章，并行处理！
2025-06-14 20:33:12 - SentimentalBot - INFO - [Assistant] 并行处理完成: 命中缓存: 1.0
2025-06-14 20:34:00 - SentimentalBot - INFO - 本次AI分析的创建时间为: 2025-06-14 20:34:00
2025-06-14 20:34:00 - SentimentalBot - INFO - 数据获取周期为：2025-06-11 至 2025-06-14
2025-06-14 20:34:00 - SentimentalBot - INFO - 数据大小: (98, 7), 数据获取成功！
2025-06-14 20:34:00 - SentimentalBot - INFO - [Assistant] 共计 50 篇文章，并行处理！
2025-06-14 20:34:12 - SentimentalBot - INFO - [Assistant] 并行处理完成: 命中缓存: 50 / 50
2025-06-14 20:35:34 - SentimentalBot - INFO - 本次AI分析的创建时间为: 2025-06-14 20:35:34
2025-06-14 20:35:34 - SentimentalBot - INFO - 数据获取周期为：2025-06-11 至 2025-06-14
2025-06-14 20:35:34 - SentimentalBot - INFO - 数据大小: (98, 7), 数据获取成功！
2025-06-14 20:35:34 - SentimentalBot - INFO - [Assistant] 共计 50 篇文章，并行处理！
2025-06-14 20:35:46 - SentimentalBot - INFO - [Assistant] 并行处理完成: 命中缓存: 50 / 50
2025-06-14 20:37:23 - SentimentalBot - INFO - 本次AI分析的创建时间为: 2025-06-14 20:37:23
2025-06-14 20:37:23 - SentimentalBot - INFO - 数据获取周期为：2025-06-11 至 2025-06-14
2025-06-14 20:37:23 - SentimentalBot - INFO - 本次AI分析的创建时间为: 2025-06-14 20:37:23
2025-06-14 20:37:23 - SentimentalBot - INFO - 数据获取周期为：2025-06-11 至 2025-06-14
2025-06-14 20:37:23 - SentimentalBot - INFO - 数据大小: (98, 7), 数据获取成功！
2025-06-14 20:37:23 - SentimentalBot - INFO - [Assistant] 共计 50 篇文章，并行处理！
2025-06-14 20:37:36 - SentimentalBot - INFO - [Assistant] 并行处理完成: 命中缓存: 50 / 50
2025-06-14 20:38:15 - SentimentalBot - INFO - 本次AI分析的创建时间为: 2025-06-14 20:38:15
2025-06-14 20:38:15 - SentimentalBot - INFO - 数据获取周期为：2025-06-11 至 2025-06-14
2025-06-14 20:38:15 - SentimentalBot - INFO - 数据大小: (98, 7), 数据获取成功！
2025-06-14 20:38:15 - SentimentalBot - INFO - [Assistant] 共计 50 篇文章，并行处理！
2025-06-14 20:38:30 - SentimentalBot - INFO - [Assistant] 并行处理完成: 命中缓存: 50 / 50
2025-06-14 20:38:54 - SentimentalBot - INFO - [Researcher] 生成 2025-06-14 的报告：AI分析！
2025-06-14 20:42:02 - SentimentalBot - INFO - 本次AI分析的创建时间为: 2025-06-14 20:42:02
2025-06-14 20:42:02 - SentimentalBot - INFO - 数据获取周期为：2025-06-11 至 2025-06-14
2025-06-14 20:42:02 - SentimentalBot - INFO - 数据大小: (98, 7), 数据获取成功！
2025-06-14 20:42:02 - SentimentalBot - INFO - [Assistant] 共计 50 篇文章，并行处理！
2025-06-14 20:42:15 - SentimentalBot - INFO - [Assistant] 并行处理完成: 命中缓存: 50 / 50
2025-06-14 20:42:43 - SentimentalBot - INFO - [Researcher] 生成 2025-06-14 的报告：AI分析！
2025-06-14 20:42:43 - SentimentalBot - INFO - [Researcher] 报告已保存: 20250614_sentimental.md, 保存路径: /Users/xiehao/Desktop/workspace/X2AI/sugar_ai/Reports
2025-06-14 20:42:43 - SentimentalBot - INFO - [Plotting] K线图已保存至: /Users/xiehao/Desktop/workspace/X2AI/sugar_ai/WebServer/static/images/20250614.html
2025-06-14 20:44:27 - SentimentalBot - INFO - 本次AI分析的创建时间为: 2025-06-14 20:44:27
2025-06-14 20:44:27 - SentimentalBot - INFO - 数据获取周期为：2025-06-11 至 2025-06-14
2025-06-14 20:44:27 - SentimentalBot - INFO - 数据大小: (98, 7), 数据获取成功！
2025-06-14 20:44:27 - SentimentalBot - INFO - [Assistant] 共计 50 篇文章，并行处理！
2025-06-14 20:44:40 - SentimentalBot - INFO - [Assistant] 并行处理完成: 命中缓存: 50 / 50
2025-06-14 20:44:40 - SentimentalBot - INFO - [Researcher] 生成 2025-06-14 的报告：命中缓存！
2025-06-14 20:44:40 - SentimentalBot - INFO - [Researcher] 报告已保存: 20250614_sentimental.md, 保存路径: /Users/xiehao/Desktop/workspace/X2AI/sugar_ai/Reports
2025-06-14 20:44:40 - SentimentalBot - INFO - [Plotting] K线图已保存至: /Users/xiehao/Desktop/workspace/X2AI/sugar_ai/WebServer/static/images/20250614.html
2025-06-14 20:47:16 - SentimentalBot - INFO - 本次AI分析的创建时间为: 2025-06-14 20:47:16
2025-06-14 20:47:16 - SentimentalBot - INFO - 数据获取周期为：2025-06-11 至 2025-06-14
2025-06-14 20:47:16 - SentimentalBot - INFO - 数据大小: (98, 7), 数据获取成功！
2025-06-14 20:47:16 - SentimentalBot - INFO - [Assistant] 共计 50 篇文章，并行处理！
2025-06-14 20:47:29 - SentimentalBot - INFO - [Assistant] 并行处理完成: 命中缓存: 50 / 50
2025-06-14 20:47:29 - SentimentalBot - INFO - [Researcher] 生成 2025-06-14 的报告：命中缓存！
2025-06-14 20:47:32 - SentimentalBot - INFO - 本次AI分析的创建时间为: 2025-06-14 20:47:32
2025-06-14 20:47:32 - SentimentalBot - INFO - 数据获取周期为：2025-06-11 至 2025-06-14
2025-06-14 20:47:32 - SentimentalBot - INFO - 数据大小: (98, 7), 数据获取成功！
2025-06-14 20:47:32 - SentimentalBot - INFO - [Assistant] 共计 50 篇文章，并行处理！
2025-06-14 20:47:45 - SentimentalBot - INFO - [Assistant] 并行处理完成: 命中缓存: 50 / 50
2025-06-14 20:47:45 - SentimentalBot - INFO - [Researcher] 生成 2025-06-14 的报告：命中缓存！
2025-06-14 20:48:59 - SentimentalBot - INFO - 本次AI分析的创建时间为: 2025-06-14 20:48:59
2025-06-14 20:48:59 - SentimentalBot - INFO - 数据获取周期为：2025-06-11 至 2025-06-14
2025-06-14 20:48:59 - SentimentalBot - INFO - 数据大小: (98, 7), 数据获取成功！
2025-06-14 20:48:59 - SentimentalBot - INFO - [Assistant] 共计 50 篇文章，并行处理！
2025-06-14 20:49:11 - SentimentalBot - INFO - [Assistant] 并行处理完成: 命中缓存: 50 / 50
2025-06-14 20:49:11 - SentimentalBot - INFO - [Researcher] 生成 2025-06-14 的报告：命中缓存！
2025-06-14 20:49:11 - SentimentalBot - INFO - [Researcher] 报告已保存: 20250614_sentimental.md, 保存路径: /Users/xiehao/Desktop/workspace/X2AI/sugar_ai/Reports
2025-06-14 20:49:11 - SentimentalBot - INFO - [Plotting] K线图已保存至: /Users/xiehao/Desktop/workspace/X2AI/sugar_ai/WebServer/static/images/20250614.html
2025-06-14 20:49:13 - SentimentalBot - INFO - 2025-06-14 研究报告, 邮件发送成功!
2025-06-15 15:43:27 - SentimentalBot - INFO - 本次AI分析的创建时间为: 2025-06-15 15:43:27
2025-06-15 15:43:27 - SentimentalBot - INFO - 数据获取周期为：2025-06-08 至 2025-06-15
2025-06-15 15:43:28 - SentimentalBot - INFO - 本次AI分析的创建时间为: 2025-06-15 15:43:28
2025-06-15 15:43:28 - SentimentalBot - INFO - 数据获取周期为：2025-06-08 至 2025-06-15
2025-06-15 16:12:44 - SentimentalBot - INFO - 本次AI分析的创建时间为: 2025-06-15 16:12:44
2025-06-15 16:12:44 - SentimentalBot - INFO - 数据获取周期为：2025-06-08 至 2025-06-15
2025-06-15 16:12:47 - SentimentalBot - INFO - 本次AI分析的创建时间为: 2025-06-15 16:12:47
2025-06-15 16:12:47 - SentimentalBot - INFO - 数据获取周期为：2025-06-08 至 2025-06-15
2025-06-15 16:41:13 - SentimentalBot - INFO - 本次AI分析的创建时间为: 2025-06-15 16:41:13
2025-06-15 16:41:13 - SentimentalBot - INFO - 数据获取周期为：2025-06-08 至 2025-06-15
2025-06-15 16:46:51 - SentimentalBot - INFO - 本次AI分析的创建时间为: 2025-06-15 16:46:51
2025-06-15 16:46:51 - SentimentalBot - INFO - 数据获取周期为：2025-06-08 至 2025-06-15
2025-06-15 16:47:54 - SentimentalBot - INFO - 本次AI分析的创建时间为: 2025-06-15 16:47:54
2025-06-15 16:47:54 - SentimentalBot - INFO - 数据获取周期为：2025-06-08 至 2025-06-15
2025-06-15 16:47:55 - SentimentalBot - INFO - 本次AI分析的创建时间为: 2025-06-15 16:47:55
2025-06-15 16:47:55 - SentimentalBot - INFO - 数据获取周期为：2025-06-08 至 2025-06-15
2025-06-15 16:48:48 - SentimentalBot - INFO - 本次AI分析的创建时间为: 2025-06-15 16:48:48
2025-06-15 16:48:48 - SentimentalBot - INFO - 数据获取周期为：2025-06-08 至 2025-06-15
2025-06-15 16:48:50 - SentimentalBot - INFO - 本次AI分析的创建时间为: 2025-06-15 16:48:50
2025-06-15 16:48:50 - SentimentalBot - INFO - 数据获取周期为：2025-06-08 至 2025-06-15
2025-06-15 16:48:56 - SentimentalBot - INFO - 本次AI分析的创建时间为: 2025-06-15 16:48:56
2025-06-15 16:48:56 - SentimentalBot - INFO - 数据获取周期为：2025-06-08 至 2025-06-15
2025-06-15 16:49:03 - SentimentalBot - INFO - 本次AI分析的创建时间为: 2025-06-15 16:49:03
2025-06-15 16:49:03 - SentimentalBot - INFO - 数据获取周期为：2025-06-08 至 2025-06-15
2025-06-15 16:49:31 - SentimentalBot - INFO - 本次AI分析的创建时间为: 2025-06-15 16:49:31
2025-06-15 16:49:31 - SentimentalBot - INFO - 数据获取周期为：2025-06-08 至 2025-06-15
2025-06-15 16:52:40 - SentimentalBot - INFO - 本次AI分析的创建时间为: 2025-06-15 16:52:40
2025-06-15 16:52:40 - SentimentalBot - INFO - 数据获取周期为：2025-06-08 至 2025-06-15
2025-06-15 16:55:42 - SentimentalBot - INFO - 本次AI分析的创建时间为: 2025-06-15 16:55:42
2025-06-15 16:55:42 - SentimentalBot - INFO - 数据获取周期为：2025-06-08 至 2025-06-15
2025-06-15 16:59:03 - SentimentalBot - INFO - 本次AI分析的创建时间为: 2025-06-15 16:59:03
2025-06-15 16:59:03 - SentimentalBot - INFO - 数据获取周期为：2025-06-08 至 2025-06-15
2025-06-15 16:59:04 - SentimentalBot - INFO - 本次AI分析的创建时间为: 2025-06-15 16:59:04
2025-06-15 16:59:04 - SentimentalBot - INFO - 数据获取周期为：2025-06-08 至 2025-06-15
2025-06-15 16:59:11 - SentimentalBot - INFO - 本次AI分析的创建时间为: 2025-06-15 16:59:11
2025-06-15 16:59:11 - SentimentalBot - INFO - 数据获取周期为：2025-06-08 至 2025-06-15
2025-06-15 17:00:02 - SentimentalBot - INFO - 本次AI分析的创建时间为: 2025-06-15 17:00:02
2025-06-15 17:00:02 - SentimentalBot - INFO - 数据获取周期为：2025-06-08 至 2025-06-15
2025-06-15 17:00:22 - SentimentalBot - INFO - 本次AI分析的创建时间为: 2025-06-15 17:00:22
2025-06-15 17:00:22 - SentimentalBot - INFO - 数据获取周期为：2025-06-08 至 2025-06-15
2025-06-15 17:01:53 - SentimentalBot - INFO - 本次AI分析的创建时间为: 2025-06-15 17:01:53
2025-06-15 17:01:53 - SentimentalBot - INFO - 数据获取周期为：2025-06-08 至 2025-06-15
2025-06-15 17:02:48 - SentimentalBot - INFO - 本次AI分析的创建时间为: 2025-06-15 17:02:48
2025-06-15 17:02:48 - SentimentalBot - INFO - 数据获取周期为：2025-06-08 至 2025-06-15
2025-06-15 17:31:58 - SentimentalBot - INFO - 本次AI分析的创建时间为: 2025-06-15 17:31:58
2025-06-15 17:31:58 - SentimentalBot - INFO - 数据获取周期为：2025-06-08 至 2025-06-15
2025-06-15 17:33:58 - SentimentalBot - INFO - 本次AI分析的创建时间为: 2025-06-15 17:33:58
2025-06-15 17:33:58 - SentimentalBot - INFO - 数据获取周期为：2025-06-08 至 2025-06-15
2025-06-15 17:34:27 - SentimentalBot - INFO - 本次AI分析的创建时间为: 2025-06-15 17:34:27
2025-06-15 17:34:27 - SentimentalBot - INFO - 数据获取周期为：2025-06-08 至 2025-06-15
2025-06-15 17:34:36 - SentimentalBot - INFO - 本次AI分析的创建时间为: 2025-06-15 17:34:36
2025-06-15 17:34:36 - SentimentalBot - INFO - 数据获取周期为：2025-06-08 至 2025-06-15
2025-06-15 17:35:22 - SentimentalBot - INFO - 数据大小: (159, 7), 数据获取成功！
2025-06-15 17:35:59 - SentimentalBot - INFO - 本次AI分析的创建时间为: 2025-06-15 17:35:59
2025-06-15 17:35:59 - SentimentalBot - INFO - 数据获取周期为：2025-06-08 至 2025-06-15
2025-06-15 17:36:02 - SentimentalBot - INFO - 数据大小: (159, 7), 数据获取成功！
2025-06-15 17:36:50 - SentimentalBot - INFO - 本次AI分析的创建时间为: 2025-06-15 17:36:50
2025-06-15 17:36:50 - SentimentalBot - INFO - 数据获取周期为：2025-06-08 至 2025-06-15
2025-06-15 17:37:55 - SentimentalBot - INFO - 数据大小: (159, 7), 数据获取成功！
2025-06-15 17:38:18 - SentimentalBot - INFO - 本次AI分析的创建时间为: 2025-06-15 17:38:18
2025-06-15 17:38:18 - SentimentalBot - INFO - 数据获取周期为：2025-06-08 至 2025-06-15
2025-06-15 17:38:19 - SentimentalBot - INFO - 数据大小: (159, 7), 数据获取成功！
2025-06-15 17:38:46 - SentimentalBot - INFO - 数据大小: (159, 7), 数据获取成功！
2025-06-15 17:39:43 - SentimentalBot - INFO - 本次AI分析的创建时间为: 2025-06-15 17:39:43
2025-06-15 17:39:43 - SentimentalBot - INFO - 数据获取周期为：2025-06-08 至 2025-06-15
2025-06-15 17:40:11 - SentimentalBot - INFO - 本次AI分析的创建时间为: 2025-06-15 17:40:11
2025-06-15 17:40:11 - SentimentalBot - INFO - 数据获取周期为：2025-06-08 至 2025-06-15
2025-06-15 17:40:45 - SentimentalBot - INFO - 本次AI分析的创建时间为: 2025-06-15 17:40:45
2025-06-15 17:40:45 - SentimentalBot - INFO - 数据获取周期为：2025-06-08 至 2025-06-15
2025-06-15 19:08:44 - SentimentalBot - INFO - 本次AI分析的创建时间为: 2025-06-15 19:08:44
2025-06-15 19:08:44 - SentimentalBot - INFO - 数据获取周期为：2025-06-08 至 2025-06-15
2025-06-15 19:08:45 - SentimentalBot - INFO - 本次AI分析的创建时间为: 2025-06-15 19:08:45
2025-06-15 19:08:45 - SentimentalBot - INFO - 数据获取周期为：2025-06-08 至 2025-06-15
2025-06-15 19:09:20 - SentimentalBot - INFO - 本次AI分析的创建时间为: 2025-06-15 19:09:20
2025-06-15 19:09:20 - SentimentalBot - INFO - 数据获取周期为：2025-06-08 至 2025-06-15
2025-06-15 19:09:20 - SentimentalBot - INFO - 本次AI分析的创建时间为: 2025-06-15 19:09:20
2025-06-15 19:09:20 - SentimentalBot - INFO - 数据获取周期为：2025-06-08 至 2025-06-15
2025-06-15 19:15:26 - SentimentalBot - INFO - 本次AI分析的创建时间为: 2025-06-15 19:15:26
2025-06-15 19:15:26 - SentimentalBot - INFO - 数据获取周期为：2025-06-08 至 2025-06-15
2025-06-16 01:09:25 - SentimentalBot - INFO - 本次AI分析的创建时间为: 2025-06-16 01:09:25
2025-06-16 01:09:25 - SentimentalBot - INFO - 数据获取周期为：2025-06-09 至 2025-06-16
2025-06-16 01:09:49 - SentimentalBot - INFO - 本次AI分析的创建时间为: 2025-06-16 01:09:49
2025-06-16 01:09:49 - SentimentalBot - INFO - 数据获取周期为：2025-06-09 至 2025-06-16
2025-06-16 01:09:50 - SentimentalBot - INFO - 本次AI分析的创建时间为: 2025-06-16 01:09:50
2025-06-16 01:09:50 - SentimentalBot - INFO - 数据获取周期为：2025-06-09 至 2025-06-16
2025-06-16 01:10:25 - SentimentalBot - INFO - 本次AI分析的创建时间为: 2025-06-16 01:10:25
2025-06-16 01:10:25 - SentimentalBot - INFO - 数据获取周期为：2025-06-09 至 2025-06-16
2025-06-16 01:10:52 - SentimentalBot - INFO - 本次AI分析的创建时间为: 2025-06-16 01:10:52
2025-06-16 01:10:52 - SentimentalBot - INFO - 数据获取周期为：2025-06-09 至 2025-06-16
2025-06-16 01:11:08 - SentimentalBot - INFO - 本次AI分析的创建时间为: 2025-06-16 01:11:08
2025-06-16 01:11:08 - SentimentalBot - INFO - 数据获取周期为：2025-06-09 至 2025-06-16
2025-06-16 01:11:15 - SentimentalBot - INFO - 本次AI分析的创建时间为: 2025-06-16 01:11:15
2025-06-16 01:11:15 - SentimentalBot - INFO - 数据获取周期为：2025-06-09 至 2025-06-16
2025-06-16 01:11:51 - SentimentalBot - INFO - 本次AI分析的创建时间为: 2025-06-16 01:11:51
2025-06-16 01:11:51 - SentimentalBot - INFO - 数据获取周期为：2025-06-09 至 2025-06-16
2025-06-16 01:13:26 - SentimentalBot - INFO - 本次AI分析的创建时间为: 2025-06-16 01:13:26
2025-06-16 01:13:26 - SentimentalBot - INFO - 数据获取周期为：2025-06-09 至 2025-06-16
2025-06-16 01:15:28 - SentimentalBot - INFO - 本次AI分析的创建时间为: 2025-06-16 01:15:28
2025-06-16 01:15:28 - SentimentalBot - INFO - 数据获取周期为：2025-06-09 至 2025-06-16
2025-06-16 01:15:34 - SentimentalBot - INFO - 本次AI分析的创建时间为: 2025-06-16 01:15:34
2025-06-16 01:15:34 - SentimentalBot - INFO - 数据获取周期为：2025-06-09 至 2025-06-16
2025-06-16 01:16:02 - SentimentalBot - INFO - 本次AI分析的创建时间为: 2025-06-16 01:16:02
2025-06-16 01:16:02 - SentimentalBot - INFO - 数据获取周期为：2025-06-09 至 2025-06-16
2025-06-16 01:16:07 - SentimentalBot - INFO - 本次AI分析的创建时间为: 2025-06-16 01:16:07
2025-06-16 01:16:07 - SentimentalBot - INFO - 数据获取周期为：2025-06-09 至 2025-06-16
2025-06-16 01:16:40 - SentimentalBot - INFO - 本次AI分析的创建时间为: 2025-06-16 01:16:40
2025-06-16 01:16:40 - SentimentalBot - INFO - 数据获取周期为：2025-06-09 至 2025-06-16
2025-06-16 01:17:09 - SentimentalBot - INFO - 本次AI分析的创建时间为: 2025-06-16 01:17:09
2025-06-16 01:17:09 - SentimentalBot - INFO - 数据获取周期为：2025-06-09 至 2025-06-16
