2025-06-14 16:11:28 - future_bar1d - INFO - 本次数据构建的创建时间: 2025-06-14 16:11:28
2025-06-14 16:11:28 - future_bar1d - INFO - 表名: future_bar1d, 构建周期: 2025-06-10 至 2025-06-14
2025-06-14 16:11:30 - future_bar1d - INFO - 数据读取完成，大小: (4, 16), 耗时: 0:00:01.863839
2025-06-14 16:11:30 - future_bar1d - INFO - 数据存储完毕, 耗时: 0:00:00.016471
2025-06-15 15:02:21 - stock_factors - INFO - 本次数据构建的创建时间: 2025-06-15 15:02:21
2025-06-15 15:02:21 - stock_factors - INFO - 表名: stock_factors, 构建周期: 2025-06-11 至 2025-06-14
2025-06-15 15:02:52 - stock_factors - INFO - 本次数据构建的创建时间: 2025-06-15 15:02:52
2025-06-15 15:02:52 - stock_factors - INFO - 表名: stock_factors, 构建周期: 2025-06-11 至 2025-06-14
2025-06-15 15:03:06 - stock_factors - INFO - 本次数据构建的创建时间: 2025-06-15 15:03:06
2025-06-15 15:03:06 - stock_factors - INFO - 表名: stock_factors, 构建周期: 2025-06-11 至 2025-06-14
2025-06-15 15:03:06 - stock_factors - INFO - 数据读取, 耗时: 0:00:00.118979
2025-06-15 15:03:06 - stock_factors - INFO - 数据存储完毕, 耗时: 0:00:00.044595
2025-06-16 00:21:56 - stock_factors - INFO - 本次数据构建的创建时间: 2025-06-16 00:21:56
2025-06-16 00:21:56 - stock_factors - INFO - 表名: stock_factors, 构建周期: 2024-06-01 至 2025-06-14
2025-06-16 00:22:07 - stock_factors - INFO - 本次数据构建的创建时间: 2025-06-16 00:22:07
2025-06-16 00:22:07 - stock_factors - INFO - 表名: stock_factors, 构建周期: 2024-06-01 至 2025-06-14
2025-06-16 00:22:24 - stock_factors - INFO - 本次数据构建的创建时间: 2025-06-16 00:22:24
2025-06-16 00:22:24 - stock_factors - INFO - 表名: stock_factors, 构建周期: 2024-06-01 至 2025-06-14
2025-06-16 00:22:24 - stock_factors - INFO - 数据读取, 耗时: 0:00:00.130578
2025-06-16 00:22:26 - stock_factors - INFO - 数据存储完毕, 耗时: 0:00:01.566156
2025-06-16 00:23:04 - stock_factors - INFO - 本次数据构建的创建时间: 2025-06-16 00:23:04
2025-06-16 00:23:04 - stock_factors - INFO - 表名: stock_factors, 构建周期: 2024-06-01 至 2025-06-14
2025-06-16 00:23:05 - stock_factors - INFO - 数据读取, 耗时: 0:00:00.087043
2025-06-16 00:23:06 - stock_factors - INFO - 数据存储完毕, 耗时: 0:00:01.631645
