2025-06-13 18:57:50 - hisugar - INFO - 本次爬取的创建时间: 2025-06-13 18:57:50
2025-06-13 18:57:50 - hisugar - INFO - 爬取周期: 2025-06-10 至 2025-06-13, 每页大小: 10
2025-06-13 18:57:50 - hisugar - INFO - 爬取 [国内新闻 - 最新资讯]: 第 1 页
2025-06-13 18:58:00 - hisugar - INFO - 爬取 [国内新闻 - 最新资讯]: 第 2 页
2025-06-13 18:58:11 - hisugar - INFO - 爬取 [国内新闻 - 最新资讯]: 第 3 页
2025-06-13 18:58:17 - hisugar - INFO - 爬取 [国内新闻 - 糖料生产]: 第 1 页
2025-06-13 18:58:19 - hisugar - INFO - 爬取 [国内新闻 - 食糖生产]: 第 1 页
2025-06-13 18:58:20 - hisugar - INFO - 爬取 [国内新闻 - 糖厂开工]: 第 1 页
2025-06-13 18:58:21 - hisugar - INFO - 爬取 [国内新闻 - 食糖产销]: 第 1 页
2025-06-13 18:58:23 - hisugar - INFO - 爬取 [国内新闻 - 海关数据]: 第 1 页
2025-06-13 18:58:25 - hisugar - INFO - 爬取 [国内新闻 - 现货报价/进口成本]: 第 1 页
2025-06-13 18:58:30 - hisugar - INFO - 爬取 [国内新闻 - 食糖消费]: 第 1 页
2025-06-13 18:58:31 - hisugar - INFO - 爬取 [国内新闻 - 白糖期货/期权]: 第 1 页
2025-06-13 18:58:40 - hisugar - INFO - 爬取 [国内新闻 - 白糖期货/期权]: 第 2 页
2025-06-13 18:58:41 - hisugar - INFO - 爬取 [国内新闻 - 糖业政策]: 第 1 页
2025-06-13 18:58:42 - hisugar - INFO - 爬取 [国内新闻 - 蔗区气象]: 第 1 页
2025-06-13 18:58:43 - hisugar - INFO - 爬取 [国内新闻 - 副产品/替代品]: 第 1 页
2025-06-13 18:58:45 - hisugar - INFO - 爬取 [国内新闻 - 产业风采]: 第 1 页
2025-06-13 18:58:48 - hisugar - INFO - 爬取 [国内新闻 - 通知/公告]: 第 1 页
2025-06-13 18:58:49 - hisugar - INFO - 爬取 [国内新闻 - 糖业会议/培训]: 第 1 页
2025-06-13 18:58:50 - hisugar - INFO - 爬取 [国际新闻 - 最新资讯]: 第 1 页
2025-06-13 18:58:54 - hisugar - INFO - 爬取 [国际新闻 - 糖料生产]: 第 1 页
2025-06-13 18:58:56 - hisugar - INFO - 爬取 [国际新闻 - 食糖生产]: 第 1 页
2025-06-13 18:58:57 - hisugar - INFO - 爬取 [国际新闻 - 食糖贸易]: 第 1 页
2025-06-13 18:58:59 - hisugar - INFO - 爬取 [国际新闻 - 食糖消费]: 第 1 页
2025-06-13 18:59:00 - hisugar - INFO - 爬取 [国际新闻 - 供需分析]: 第 1 页
2025-06-13 18:59:05 - hisugar - INFO - 本次爬取的创建时间: 2025-06-13 18:59:05
2025-06-13 18:59:05 - hisugar - INFO - 爬取周期: 2025-06-10 至 2025-06-13, 每页大小: 10
2025-06-13 18:59:05 - hisugar - INFO - 爬取 [国内新闻 - 最新资讯]: 第 1 页
2025-06-13 18:59:15 - hisugar - INFO - 爬取 [国内新闻 - 最新资讯]: 第 2 页
2025-06-13 18:59:27 - hisugar - INFO - 爬取 [国内新闻 - 最新资讯]: 第 3 页
2025-06-13 18:59:31 - hisugar - INFO - 爬取完成: 国内新闻 - 最新资讯, 数据大小: (0, 0), 耗时: 0:00:26.058303
2025-06-13 18:59:32 - hisugar - INFO - 爬取 [国内新闻 - 糖料生产]: 第 1 页
2025-06-13 18:59:32 - hisugar - INFO - 爬取完成: 国内新闻 - 糖料生产, 数据大小: (0, 0), 耗时: 0:00:01.422601
2025-06-13 18:59:32 - hisugar - INFO - 爬取 [国内新闻 - 食糖生产]: 第 1 页
2025-06-13 18:59:34 - hisugar - INFO - 爬取完成: 国内新闻 - 食糖生产, 数据大小: (0, 0), 耗时: 0:00:01.311203
2025-06-13 18:59:35 - hisugar - INFO - 爬取 [国内新闻 - 糖厂开工]: 第 1 页
2025-06-13 18:59:35 - hisugar - INFO - 爬取完成: 国内新闻 - 糖厂开工, 数据大小: (0, 0), 耗时: 0:00:01.822978
2025-06-13 18:59:36 - hisugar - INFO - 爬取 [国内新闻 - 食糖产销]: 第 1 页
2025-06-13 18:59:37 - hisugar - INFO - 爬取完成: 国内新闻 - 食糖产销, 数据大小: (0, 0), 耗时: 0:00:01.453654
2025-06-13 18:59:37 - hisugar - INFO - 爬取 [国内新闻 - 海关数据]: 第 1 页
2025-06-13 18:59:38 - hisugar - INFO - 爬取完成: 国内新闻 - 海关数据, 数据大小: (0, 0), 耗时: 0:00:01.455767
2025-06-13 18:59:38 - hisugar - INFO - 爬取 [国内新闻 - 现货报价/进口成本]: 第 1 页
2025-06-13 18:59:43 - hisugar - INFO - 爬取完成: 国内新闻 - 现货报价/进口成本, 数据大小: (0, 0), 耗时: 0:00:04.258636
2025-06-13 18:59:43 - hisugar - INFO - 爬取 [国内新闻 - 食糖消费]: 第 1 页
2025-06-13 18:59:44 - hisugar - INFO - 爬取完成: 国内新闻 - 食糖消费, 数据大小: (0, 0), 耗时: 0:00:01.663307
2025-06-13 18:59:44 - hisugar - INFO - 爬取 [国内新闻 - 白糖期货/期权]: 第 1 页
2025-06-13 18:59:55 - hisugar - INFO - 爬取 [国内新闻 - 白糖期货/期权]: 第 2 页
2025-06-13 18:59:55 - hisugar - INFO - 爬取完成: 国内新闻 - 白糖期货/期权, 数据大小: (0, 0), 耗时: 0:00:11.125071
2025-06-13 18:59:55 - hisugar - INFO - 爬取 [国内新闻 - 糖业政策]: 第 1 页
2025-06-13 18:59:57 - hisugar - INFO - 爬取完成: 国内新闻 - 糖业政策, 数据大小: (0, 0), 耗时: 0:00:01.571605
2025-06-13 18:59:57 - hisugar - INFO - 爬取 [国内新闻 - 蔗区气象]: 第 1 页
2025-06-13 18:59:58 - hisugar - INFO - 爬取完成: 国内新闻 - 蔗区气象, 数据大小: (0, 0), 耗时: 0:00:01.376666
2025-06-13 18:59:59 - hisugar - INFO - 爬取 [国内新闻 - 副产品/替代品]: 第 1 页
2025-06-13 19:00:00 - hisugar - INFO - 爬取完成: 国内新闻 - 副产品/替代品, 数据大小: (0, 0), 耗时: 0:00:01.543445
2025-06-13 19:00:00 - hisugar - INFO - 爬取 [国内新闻 - 产业风采]: 第 1 页
2025-06-13 19:00:03 - hisugar - INFO - 爬取完成: 国内新闻 - 产业风采, 数据大小: (0, 0), 耗时: 0:00:03.422419
2025-06-13 19:00:03 - hisugar - INFO - 爬取 [国内新闻 - 通知/公告]: 第 1 页
2025-06-13 19:00:04 - hisugar - INFO - 爬取完成: 国内新闻 - 通知/公告, 数据大小: (0, 0), 耗时: 0:00:00.449288
2025-06-13 19:00:05 - hisugar - INFO - 爬取 [国内新闻 - 糖业会议/培训]: 第 1 页
2025-06-13 19:00:05 - hisugar - INFO - 爬取完成: 国内新闻 - 糖业会议/培训, 数据大小: (0, 0), 耗时: 0:00:01.766149
2025-06-13 19:00:06 - hisugar - INFO - 爬取 [国际新闻 - 最新资讯]: 第 1 页
2025-06-13 19:00:09 - hisugar - INFO - 爬取完成: 国际新闻 - 最新资讯, 数据大小: (0, 0), 耗时: 0:00:03.721774
2025-06-13 19:00:10 - hisugar - INFO - 爬取 [国际新闻 - 糖料生产]: 第 1 页
2025-06-13 19:00:11 - hisugar - INFO - 爬取完成: 国际新闻 - 糖料生产, 数据大小: (0, 0), 耗时: 0:00:02.229767
2025-06-13 19:00:12 - hisugar - INFO - 爬取 [国际新闻 - 食糖生产]: 第 1 页
2025-06-13 19:00:14 - hisugar - INFO - 爬取完成: 国际新闻 - 食糖生产, 数据大小: (0, 0), 耗时: 0:00:02.324688
2025-06-13 19:00:14 - hisugar - INFO - 爬取 [国际新闻 - 食糖贸易]: 第 1 页
2025-06-13 19:00:16 - hisugar - INFO - 爬取完成: 国际新闻 - 食糖贸易, 数据大小: (0, 0), 耗时: 0:00:01.770514
2025-06-13 19:00:16 - hisugar - INFO - 爬取 [国际新闻 - 食糖消费]: 第 1 页
2025-06-13 19:00:16 - hisugar - INFO - 爬取完成: 国际新闻 - 食糖消费, 数据大小: (0, 0), 耗时: 0:00:00.460860
2025-06-13 19:00:17 - hisugar - INFO - 爬取 [国际新闻 - 供需分析]: 第 1 页
2025-06-13 19:00:17 - hisugar - INFO - 爬取完成: 国际新闻 - 供需分析, 数据大小: (0, 0), 耗时: 0:00:01.397288
2025-06-13 19:00:18 - hisugar - INFO - 爬取 [国际新闻 - 期货市场]: 第 1 页
2025-06-13 19:00:19 - hisugar - INFO - 爬取完成: 国际新闻 - 期货市场, 数据大小: (0, 0), 耗时: 0:00:01.546330
2025-06-13 19:00:20 - hisugar - INFO - 爬取 [国际新闻 - 糖业政策]: 第 1 页
2025-06-13 19:00:21 - hisugar - INFO - 爬取完成: 国际新闻 - 糖业政策, 数据大小: (0, 0), 耗时: 0:00:02.357667
2025-06-13 19:00:22 - hisugar - INFO - 爬取 [国际新闻 - 环球财经]: 第 1 页
2025-06-13 19:00:23 - hisugar - INFO - 爬取完成: 国际新闻 - 环球财经, 数据大小: (0, 0), 耗时: 0:00:01.989359
2025-06-13 19:00:24 - hisugar - INFO - 爬取 [行业研究 - 热点研究]: 第 1 页
2025-06-13 19:00:32 - hisugar - INFO - 爬取 [行业研究 - 热点研究]: 第 2 页
2025-06-13 19:00:42 - hisugar - INFO - 爬取 [行业研究 - 热点研究]: 第 3 页
2025-06-13 19:00:46 - hisugar - INFO - 爬取完成: 行业研究 - 热点研究, 数据大小: (0, 0), 耗时: 0:00:22.623314
2025-06-13 19:00:47 - hisugar - INFO - 爬取 [行业研究 - 日报]: 第 1 页
2025-06-13 19:00:56 - hisugar - INFO - 爬取 [行业研究 - 日报]: 第 2 页
2025-06-13 19:01:07 - hisugar - INFO - 爬取 [行业研究 - 日报]: 第 3 页
2025-06-13 19:01:09 - hisugar - INFO - 爬取完成: 行业研究 - 日报, 数据大小: (0, 0), 耗时: 0:00:23.446456
2025-06-13 19:01:10 - hisugar - INFO - 爬取 [行业研究 - 周报]: 第 1 页
2025-06-14 15:57:53 - hisugar - INFO - 本次爬取的创建时间: 2025-06-14 15:57:53
2025-06-14 15:57:53 - hisugar - INFO - 表名: aisugar_hisugar, 爬取周期: 2025-06-10 至 2025-06-14, 每页大小: 10
2025-06-14 15:57:54 - hisugar - INFO - 爬取 [国内新闻 - 最新资讯]: 第 1 页
2025-06-14 15:57:56 - hisugar - INFO - 成功爬取文章: 20250613国内制糖集团报价, 发布日期: 2025-06-13
2025-06-14 15:57:57 - hisugar - INFO - 成功爬取文章: 20250613机构场外期权报价, 发布日期: 2025-06-13
2025-06-14 15:57:59 - hisugar - INFO - 成功爬取文章: 20250613郑商所白糖期权报价, 发布日期: 2025-06-13
2025-06-14 15:58:01 - hisugar - INFO - 成功爬取文章: 广西土壤墒情简报：全区农田墒情八五成以上适宜至过多 2025年第11期（总第331期）, 发布日期: 2025-06-13
2025-06-14 15:58:03 - hisugar - INFO - 成功爬取文章: 产糖率14.66%！探寻广西这家制糖公司荣登榜首的秘诀, 发布日期: 2025-06-13
2025-06-14 15:58:10 - hisugar - INFO - 爬取 [国内新闻 - 最新资讯]: 第 2 页
2025-06-14 15:58:22 - hisugar - INFO - 爬取 [国内新闻 - 最新资讯]: 第 3 页
2025-06-14 15:58:32 - hisugar - INFO - 爬取 [国内新闻 - 最新资讯]: 第 4 页
2025-06-14 15:58:35 - hisugar - INFO - 爬取完成: 国内新闻 - 最新资讯, 数据大小: (5, 7), 耗时: 0:00:41.116819
2025-06-14 15:58:35 - hisugar - INFO - 爬取 [国内新闻 - 糖料生产]: 第 1 页
2025-06-14 15:58:37 - hisugar - INFO - 爬取完成: 国内新闻 - 糖料生产, 数据大小: (0, 0), 耗时: 0:00:01.983151
2025-06-14 15:58:37 - hisugar - INFO - 爬取 [国内新闻 - 食糖生产]: 第 1 页
2025-06-14 15:58:38 - hisugar - INFO - 爬取完成: 国内新闻 - 食糖生产, 数据大小: (0, 0), 耗时: 0:00:01.816642
2025-06-14 15:58:39 - hisugar - INFO - 爬取 [国内新闻 - 糖厂开工]: 第 1 页
2025-06-14 15:58:40 - hisugar - INFO - 爬取完成: 国内新闻 - 糖厂开工, 数据大小: (0, 0), 耗时: 0:00:01.496702
2025-06-14 15:58:40 - hisugar - INFO - 爬取 [国内新闻 - 食糖产销]: 第 1 页
2025-06-14 15:58:41 - hisugar - INFO - 爬取完成: 国内新闻 - 食糖产销, 数据大小: (0, 0), 耗时: 0:00:00.980611
2025-06-14 15:58:41 - hisugar - INFO - 爬取 [国内新闻 - 海关数据]: 第 1 页
2025-06-14 15:58:43 - hisugar - INFO - 爬取完成: 国内新闻 - 海关数据, 数据大小: (0, 0), 耗时: 0:00:01.935414
2025-06-14 15:58:43 - hisugar - INFO - 爬取 [国内新闻 - 现货报价/进口成本]: 第 1 页
2025-06-14 15:58:45 - hisugar - INFO - 成功爬取文章: 20250613国内制糖集团报价, 发布日期: 2025-06-13
2025-06-14 15:58:50 - hisugar - INFO - 爬取完成: 国内新闻 - 现货报价/进口成本, 数据大小: (1, 7), 耗时: 0:00:06.909862
2025-06-14 15:58:50 - hisugar - INFO - 爬取 [国内新闻 - 食糖消费]: 第 1 页
2025-06-14 15:58:51 - hisugar - INFO - 爬取完成: 国内新闻 - 食糖消费, 数据大小: (0, 0), 耗时: 0:00:00.853340
2025-06-14 15:58:51 - hisugar - INFO - 爬取 [国内新闻 - 白糖期货/期权]: 第 1 页
2025-06-14 15:58:52 - hisugar - INFO - 成功爬取文章: 20250613机构场外期权报价, 发布日期: 2025-06-13
2025-06-14 15:58:54 - hisugar - INFO - 成功爬取文章: 20250613郑商所白糖期权报价, 发布日期: 2025-06-13
2025-06-14 15:59:02 - hisugar - INFO - 爬取 [国内新闻 - 白糖期货/期权]: 第 2 页
2025-06-14 15:59:06 - hisugar - INFO - 爬取完成: 国内新闻 - 白糖期货/期权, 数据大小: (2, 7), 耗时: 0:00:15.289658
2025-06-14 15:59:06 - hisugar - INFO - 爬取 [国内新闻 - 糖业政策]: 第 1 页
2025-06-14 15:59:08 - hisugar - INFO - 爬取完成: 国内新闻 - 糖业政策, 数据大小: (0, 0), 耗时: 0:00:01.748911
2025-06-14 15:59:08 - hisugar - INFO - 爬取 [国内新闻 - 蔗区气象]: 第 1 页
2025-06-14 15:59:10 - hisugar - INFO - 成功爬取文章: 广西土壤墒情简报：全区农田墒情八五成以上适宜至过多 2025年第11期（总第331期）, 发布日期: 2025-06-13
2025-06-14 15:59:11 - hisugar - INFO - 爬取完成: 国内新闻 - 蔗区气象, 数据大小: (1, 7), 耗时: 0:00:03.483563
2025-06-14 15:59:11 - hisugar - INFO - 爬取 [国内新闻 - 副产品/替代品]: 第 1 页
2025-06-14 15:59:12 - hisugar - INFO - 爬取完成: 国内新闻 - 副产品/替代品, 数据大小: (0, 0), 耗时: 0:00:01.142282
2025-06-14 15:59:13 - hisugar - INFO - 爬取 [国内新闻 - 产业风采]: 第 1 页
2025-06-14 15:59:15 - hisugar - INFO - 成功爬取文章: 产糖率14.66%！探寻广西这家制糖公司荣登榜首的秘诀, 发布日期: 2025-06-13
2025-06-14 15:59:18 - hisugar - INFO - 爬取完成: 国内新闻 - 产业风采, 数据大小: (1, 7), 耗时: 0:00:05.786097
2025-06-14 15:59:19 - hisugar - INFO - 爬取 [国内新闻 - 通知/公告]: 第 1 页
2025-06-14 15:59:20 - hisugar - INFO - 爬取完成: 国内新闻 - 通知/公告, 数据大小: (0, 0), 耗时: 0:00:01.753126
2025-06-14 15:59:21 - hisugar - INFO - 爬取 [国内新闻 - 糖业会议/培训]: 第 1 页
2025-06-14 15:59:23 - hisugar - INFO - 爬取完成: 国内新闻 - 糖业会议/培训, 数据大小: (0, 0), 耗时: 0:00:02.761479
2025-06-14 15:59:23 - hisugar - INFO - 爬取 [国际新闻 - 最新资讯]: 第 1 页
2025-06-14 15:59:26 - hisugar - INFO - 爬取完成: 国际新闻 - 最新资讯, 数据大小: (0, 0), 耗时: 0:00:03.767237
2025-06-14 15:59:27 - hisugar - INFO - 爬取 [国际新闻 - 糖料生产]: 第 1 页
2025-06-14 15:59:29 - hisugar - INFO - 爬取完成: 国际新闻 - 糖料生产, 数据大小: (0, 0), 耗时: 0:00:02.227882
2025-06-14 15:59:29 - hisugar - INFO - 爬取 [国际新闻 - 食糖生产]: 第 1 页
2025-06-14 15:59:31 - hisugar - INFO - 爬取完成: 国际新闻 - 食糖生产, 数据大小: (0, 0), 耗时: 0:00:02.696078
2025-06-14 15:59:32 - hisugar - INFO - 爬取 [国际新闻 - 食糖贸易]: 第 1 页
2025-06-14 15:59:33 - hisugar - INFO - 爬取完成: 国际新闻 - 食糖贸易, 数据大小: (0, 0), 耗时: 0:00:02.146700
2025-06-14 15:59:34 - hisugar - INFO - 爬取 [国际新闻 - 食糖消费]: 第 1 页
2025-06-14 15:59:37 - hisugar - INFO - 爬取完成: 国际新闻 - 食糖消费, 数据大小: (0, 0), 耗时: 0:00:03.169207
2025-06-14 15:59:37 - hisugar - INFO - 爬取 [国际新闻 - 供需分析]: 第 1 页
2025-06-14 15:59:39 - hisugar - INFO - 爬取完成: 国际新闻 - 供需分析, 数据大小: (0, 0), 耗时: 0:00:02.640427
2025-06-14 15:59:40 - hisugar - INFO - 爬取 [国际新闻 - 期货市场]: 第 1 页
2025-06-14 15:59:40 - hisugar - INFO - 爬取完成: 国际新闻 - 期货市场, 数据大小: (0, 0), 耗时: 0:00:00.787479
2025-06-14 15:59:40 - hisugar - INFO - 爬取 [国际新闻 - 糖业政策]: 第 1 页
2025-06-14 15:59:42 - hisugar - INFO - 爬取完成: 国际新闻 - 糖业政策, 数据大小: (0, 0), 耗时: 0:00:02.128486
2025-06-14 15:59:43 - hisugar - INFO - 爬取 [国际新闻 - 环球财经]: 第 1 页
2025-06-14 15:59:43 - hisugar - INFO - 爬取完成: 国际新闻 - 环球财经, 数据大小: (0, 0), 耗时: 0:00:01.154416
2025-06-14 15:59:44 - hisugar - INFO - 爬取 [行业研究 - 热点研究]: 第 1 页
2025-06-14 15:59:53 - hisugar - INFO - 爬取 [行业研究 - 热点研究]: 第 2 页
2025-06-14 16:00:05 - hisugar - INFO - 爬取 [行业研究 - 热点研究]: 第 3 页
2025-06-14 16:00:10 - hisugar - INFO - 爬取完成: 行业研究 - 热点研究, 数据大小: (0, 0), 耗时: 0:00:27.237737
2025-06-14 16:00:11 - hisugar - INFO - 爬取 [行业研究 - 日报]: 第 1 页
2025-06-14 16:00:24 - hisugar - INFO - 爬取 [行业研究 - 日报]: 第 2 页
2025-06-14 16:00:36 - hisugar - INFO - 爬取 [行业研究 - 日报]: 第 3 页
2025-06-14 16:00:39 - hisugar - INFO - 爬取完成: 行业研究 - 日报, 数据大小: (0, 0), 耗时: 0:00:28.729780
2025-06-14 16:00:39 - hisugar - INFO - 爬取 [行业研究 - 周报]: 第 1 页
2025-06-14 16:00:41 - hisugar - INFO - 爬取完成: 行业研究 - 周报, 数据大小: (0, 0), 耗时: 0:00:01.611052
2025-06-14 16:00:41 - hisugar - INFO - 爬取 [行业研究 - 月报]: 第 1 页
2025-06-14 16:00:43 - hisugar - INFO - 爬取完成: 行业研究 - 月报, 数据大小: (0, 0), 耗时: 0:00:01.785294
2025-06-14 16:00:43 - hisugar - INFO - 爬取 [行业研究 - 国内市场]: 第 1 页
2025-06-14 16:00:44 - hisugar - INFO - 爬取完成: 行业研究 - 国内市场, 数据大小: (0, 0), 耗时: 0:00:01.322021
2025-06-14 16:00:44 - hisugar - INFO - 爬取 [行业研究 - 国际市场]: 第 1 页
2025-06-14 16:00:45 - hisugar - INFO - 爬取完成: 行业研究 - 国际市场, 数据大小: (0, 0), 耗时: 0:00:01.149095
2025-06-14 16:00:46 - hisugar - INFO - 爬取 [行业研究 - 调研报告]: 第 1 页
2025-06-14 16:00:46 - hisugar - INFO - 爬取完成: 行业研究 - 调研报告, 数据大小: (0, 0), 耗时: 0:00:01.398739
2025-06-14 16:00:47 - hisugar - INFO - 爬取 [行业研究 - 宏观研究]: 第 1 页
2025-06-14 16:00:49 - hisugar - INFO - 爬取完成: 行业研究 - 宏观研究, 数据大小: (0, 0), 耗时: 0:00:02.504801
2025-06-14 16:00:50 - hisugar - INFO - 爬取 [行业研究 - 权威解读]: 第 1 页
2025-06-14 16:00:51 - hisugar - INFO - 爬取完成: 行业研究 - 权威解读, 数据大小: (0, 0), 耗时: 0:00:02.229371
2025-06-14 16:00:52 - hisugar - INFO - 爬取 [行业研究 - 季报年报]: 第 1 页
2025-06-14 16:00:52 - hisugar - INFO - 爬取完成: 行业研究 - 季报年报, 数据大小: (0, 0), 耗时: 0:00:00.919355
2025-06-14 16:00:52 - hisugar - INFO - 爬取 [行业研究 - 糖业论文]: 第 1 页
2025-06-14 16:00:54 - hisugar - INFO - 爬取完成: 行业研究 - 糖业论文, 数据大小: (0, 0), 耗时: 0:00:02.147425
2025-06-14 16:00:55 - hisugar - INFO - 爬取 [行业研究 - 糖业科普]: 第 1 页
2025-06-14 16:00:56 - hisugar - INFO - 爬取完成: 行业研究 - 糖业科普, 数据大小: (0, 0), 耗时: 0:00:01.249390
2025-06-14 16:00:56 - hisugar - INFO - 本次爬取完成, 总共耗时: 0:03:02.097723
2025-06-14 16:08:50 - hisugar - INFO - 本次爬取的创建时间: 2025-06-14 16:08:50
2025-06-14 16:08:50 - hisugar - INFO - 表名: aisugar_hisugar, 爬取周期: 2025-06-10 至 2025-06-14, 每页大小: 10
2025-06-14 16:08:50 - hisugar - INFO - 爬取 [国内新闻 - 最新资讯]: 第 1 页
2025-06-14 16:08:59 - hisugar - INFO - 爬取 [国内新闻 - 最新资讯]: 第 2 页
2025-06-14 16:09:09 - hisugar - INFO - 爬取 [国内新闻 - 最新资讯]: 第 3 页
2025-06-14 16:09:17 - hisugar - INFO - 爬取 [国内新闻 - 最新资讯]: 第 4 页
2025-06-14 16:09:20 - hisugar - INFO - 爬取完成: 国内新闻 - 最新资讯, 数据大小: (0, 0), 耗时: 0:00:29.930265
2025-06-14 16:09:20 - hisugar - INFO - 爬取 [国内新闻 - 糖料生产]: 第 1 页
2025-06-14 16:09:22 - hisugar - INFO - 爬取完成: 国内新闻 - 糖料生产, 数据大小: (0, 0), 耗时: 0:00:01.875521
2025-06-14 16:09:22 - hisugar - INFO - 爬取 [国内新闻 - 食糖生产]: 第 1 页
2025-06-14 16:09:23 - hisugar - INFO - 爬取完成: 国内新闻 - 食糖生产, 数据大小: (0, 0), 耗时: 0:00:00.733920
2025-06-14 16:09:23 - hisugar - INFO - 爬取 [国内新闻 - 糖厂开工]: 第 1 页
2025-06-14 16:09:25 - hisugar - INFO - 爬取完成: 国内新闻 - 糖厂开工, 数据大小: (0, 0), 耗时: 0:00:02.669306
2025-06-14 16:09:26 - hisugar - INFO - 爬取 [国内新闻 - 食糖产销]: 第 1 页
2025-06-14 16:09:29 - hisugar - INFO - 爬取完成: 国内新闻 - 食糖产销, 数据大小: (0, 0), 耗时: 0:00:03.527374
2025-06-14 16:09:30 - hisugar - INFO - 爬取 [国内新闻 - 海关数据]: 第 1 页
2025-06-14 16:09:30 - hisugar - INFO - 爬取完成: 国内新闻 - 海关数据, 数据大小: (0, 0), 耗时: 0:00:01.365643
2025-06-14 16:09:31 - hisugar - INFO - 爬取 [国内新闻 - 现货报价/进口成本]: 第 1 页
2025-06-14 16:09:35 - hisugar - INFO - 爬取完成: 国内新闻 - 现货报价/进口成本, 数据大小: (0, 0), 耗时: 0:00:05.103740
2025-06-14 16:09:36 - hisugar - INFO - 爬取 [国内新闻 - 食糖消费]: 第 1 页
2025-06-14 16:09:37 - hisugar - INFO - 爬取完成: 国内新闻 - 食糖消费, 数据大小: (0, 0), 耗时: 0:00:01.749761
2025-06-14 16:09:38 - hisugar - INFO - 爬取 [国内新闻 - 白糖期货/期权]: 第 1 页
2025-06-14 16:09:49 - hisugar - INFO - 爬取 [国内新闻 - 白糖期货/期权]: 第 2 页
2025-06-14 16:09:50 - hisugar - INFO - 爬取完成: 国内新闻 - 白糖期货/期权, 数据大小: (0, 0), 耗时: 0:00:12.476478
2025-06-14 16:09:50 - hisugar - INFO - 爬取 [国内新闻 - 糖业政策]: 第 1 页
2025-06-14 16:09:53 - hisugar - INFO - 爬取完成: 国内新闻 - 糖业政策, 数据大小: (0, 0), 耗时: 0:00:03.187378
2025-06-14 16:09:54 - hisugar - INFO - 爬取 [国内新闻 - 蔗区气象]: 第 1 页
2025-06-14 16:09:54 - hisugar - INFO - 爬取完成: 国内新闻 - 蔗区气象, 数据大小: (0, 0), 耗时: 0:00:01.496528
2025-06-14 16:09:55 - hisugar - INFO - 爬取 [国内新闻 - 副产品/替代品]: 第 1 页
2025-06-14 16:09:56 - hisugar - INFO - 爬取完成: 国内新闻 - 副产品/替代品, 数据大小: (0, 0), 耗时: 0:00:01.872216
2025-06-14 16:09:56 - hisugar - INFO - 爬取 [国内新闻 - 产业风采]: 第 1 页
2025-06-14 16:09:59 - hisugar - INFO - 爬取完成: 国内新闻 - 产业风采, 数据大小: (0, 0), 耗时: 0:00:03.046146
2025-06-14 16:10:00 - hisugar - INFO - 爬取 [国内新闻 - 通知/公告]: 第 1 页
2025-06-14 16:10:00 - hisugar - INFO - 爬取完成: 国内新闻 - 通知/公告, 数据大小: (0, 0), 耗时: 0:00:00.983776
2025-06-14 16:10:00 - hisugar - INFO - 爬取 [国内新闻 - 糖业会议/培训]: 第 1 页
2025-06-14 16:10:03 - hisugar - INFO - 爬取完成: 国内新闻 - 糖业会议/培训, 数据大小: (0, 0), 耗时: 0:00:02.458113
2025-06-14 16:10:04 - hisugar - INFO - 爬取 [国际新闻 - 最新资讯]: 第 1 页
2025-06-14 16:10:08 - hisugar - INFO - 爬取完成: 国际新闻 - 最新资讯, 数据大小: (0, 0), 耗时: 0:00:05.163781
2025-06-14 16:10:08 - hisugar - INFO - 爬取 [国际新闻 - 糖料生产]: 第 1 页
2025-06-14 16:10:10 - hisugar - INFO - 爬取完成: 国际新闻 - 糖料生产, 数据大小: (0, 0), 耗时: 0:00:01.922897
2025-06-14 16:10:11 - hisugar - INFO - 爬取 [国际新闻 - 食糖生产]: 第 1 页
2025-06-14 16:10:12 - hisugar - INFO - 爬取完成: 国际新闻 - 食糖生产, 数据大小: (0, 0), 耗时: 0:00:02.088958
2025-06-14 16:10:13 - hisugar - INFO - 爬取 [国际新闻 - 食糖贸易]: 第 1 页
2025-06-14 16:10:14 - hisugar - INFO - 爬取完成: 国际新闻 - 食糖贸易, 数据大小: (0, 0), 耗时: 0:00:02.599000
2025-06-14 16:10:15 - hisugar - INFO - 爬取 [国际新闻 - 食糖消费]: 第 1 页
2025-06-14 16:10:15 - hisugar - INFO - 爬取完成: 国际新闻 - 食糖消费, 数据大小: (0, 0), 耗时: 0:00:00.892644
2025-06-14 16:10:16 - hisugar - INFO - 爬取 [国际新闻 - 供需分析]: 第 1 页
2025-06-14 16:10:16 - hisugar - INFO - 爬取完成: 国际新闻 - 供需分析, 数据大小: (0, 0), 耗时: 0:00:00.443954
2025-06-14 16:10:16 - hisugar - INFO - 爬取 [国际新闻 - 期货市场]: 第 1 页
2025-06-14 16:10:17 - hisugar - INFO - 爬取完成: 国际新闻 - 期货市场, 数据大小: (0, 0), 耗时: 0:00:01.312137
2025-06-14 16:10:18 - hisugar - INFO - 爬取 [国际新闻 - 糖业政策]: 第 1 页
2025-06-14 16:10:19 - hisugar - INFO - 爬取完成: 国际新闻 - 糖业政策, 数据大小: (0, 0), 耗时: 0:00:02.043305
2025-06-14 16:10:20 - hisugar - INFO - 爬取 [国际新闻 - 环球财经]: 第 1 页
2025-06-14 16:10:21 - hisugar - INFO - 爬取完成: 国际新闻 - 环球财经, 数据大小: (0, 0), 耗时: 0:00:01.977825
2025-06-14 16:10:22 - hisugar - INFO - 爬取 [行业研究 - 热点研究]: 第 1 页
2025-06-14 16:10:31 - hisugar - INFO - 爬取 [行业研究 - 热点研究]: 第 2 页
2025-06-14 16:10:41 - hisugar - INFO - 爬取 [行业研究 - 热点研究]: 第 3 页
2025-06-14 16:10:46 - hisugar - INFO - 爬取完成: 行业研究 - 热点研究, 数据大小: (0, 0), 耗时: 0:00:24.951291
2025-06-14 16:10:47 - hisugar - INFO - 爬取 [行业研究 - 日报]: 第 1 页
2025-06-14 16:10:57 - hisugar - INFO - 爬取 [行业研究 - 日报]: 第 2 页
2025-06-14 16:11:08 - hisugar - INFO - 爬取 [行业研究 - 日报]: 第 3 页
2025-06-14 16:11:10 - hisugar - INFO - 爬取完成: 行业研究 - 日报, 数据大小: (0, 0), 耗时: 0:00:24.076098
2025-06-14 16:11:11 - hisugar - INFO - 爬取 [行业研究 - 周报]: 第 1 页
2025-06-14 16:11:12 - hisugar - INFO - 爬取完成: 行业研究 - 周报, 数据大小: (0, 0), 耗时: 0:00:01.858778
2025-06-14 16:11:13 - hisugar - INFO - 爬取 [行业研究 - 月报]: 第 1 页
2025-06-14 16:11:13 - hisugar - INFO - 爬取完成: 行业研究 - 月报, 数据大小: (0, 0), 耗时: 0:00:01.205088
2025-06-14 16:11:14 - hisugar - INFO - 爬取 [行业研究 - 国内市场]: 第 1 页
2025-06-14 16:11:15 - hisugar - INFO - 爬取完成: 行业研究 - 国内市场, 数据大小: (0, 0), 耗时: 0:00:01.670980
2025-06-14 16:11:16 - hisugar - INFO - 爬取 [行业研究 - 国际市场]: 第 1 页
2025-06-14 16:11:17 - hisugar - INFO - 爬取完成: 行业研究 - 国际市场, 数据大小: (0, 0), 耗时: 0:00:01.898789
2025-06-14 16:11:18 - hisugar - INFO - 爬取 [行业研究 - 调研报告]: 第 1 页
2025-06-14 16:11:19 - hisugar - INFO - 爬取完成: 行业研究 - 调研报告, 数据大小: (0, 0), 耗时: 0:00:01.983040
2025-06-14 16:11:19 - hisugar - INFO - 爬取 [行业研究 - 宏观研究]: 第 1 页
2025-06-14 16:11:19 - hisugar - INFO - 爬取完成: 行业研究 - 宏观研究, 数据大小: (0, 0), 耗时: 0:00:00.462894
2025-06-14 16:11:20 - hisugar - INFO - 爬取 [行业研究 - 权威解读]: 第 1 页
2025-06-14 16:11:22 - hisugar - INFO - 爬取完成: 行业研究 - 权威解读, 数据大小: (0, 0), 耗时: 0:00:02.357736
2025-06-14 16:11:23 - hisugar - INFO - 爬取 [行业研究 - 季报年报]: 第 1 页
2025-06-14 16:11:25 - hisugar - INFO - 爬取完成: 行业研究 - 季报年报, 数据大小: (0, 0), 耗时: 0:00:03.452652
2025-06-14 16:11:25 - hisugar - INFO - 爬取 [行业研究 - 糖业论文]: 第 1 页
2025-06-14 16:11:27 - hisugar - INFO - 爬取完成: 行业研究 - 糖业论文, 数据大小: (0, 0), 耗时: 0:00:02.086008
2025-06-14 16:11:27 - hisugar - INFO - 爬取 [行业研究 - 糖业科普]: 第 1 页
2025-06-14 16:11:28 - hisugar - INFO - 爬取完成: 行业研究 - 糖业科普, 数据大小: (0, 0), 耗时: 0:00:01.009490
2025-06-14 16:11:28 - hisugar - INFO - 本次爬取完成, 总共耗时: 0:02:37.975685
