2025-06-15 16:48:48 - webserver - INFO - ReportService initialized
2025-06-15 16:48:50 - webserver - INFO - ReportService initialized
2025-06-15 16:48:56 - webserver - INFO - AnalysisService initialized
2025-06-15 16:48:56 - webserver - INFO - ReportService initialized
2025-06-15 16:49:03 - webserver - INFO - AnalysisService initialized
2025-06-15 16:49:03 - webserver - INFO - ReportService initialized
2025-06-15 16:49:31 - webserver - INFO - AnalysisService initialized
2025-06-15 16:49:31 - webserver - INFO - ReportService initialized
2025-06-15 16:52:40 - webserver - INFO - AnalysisService initialized
2025-06-15 16:52:40 - webserver - INFO - ReportService initialized
2025-06-15 16:55:42 - webserver - INFO - AnalysisService initialized
2025-06-15 16:55:42 - webserver - INFO - ReportService initialized
2025-06-15 16:59:03 - webserver - INFO - AnalysisService initialized
2025-06-15 16:59:03 - webserver - INFO - ReportService initialized
2025-06-15 16:59:04 - webserver - INFO - AnalysisService initialized
2025-06-15 16:59:04 - webserver - INFO - ReportService initialized
2025-06-15 16:59:04 - webserver - INFO - 找到 11 个图表文件, 最新日期: 20250614
2025-06-15 16:59:04 - webserver - WARNING - 最新图表日期 20250614 与当前日期不一致!
2025-06-15 16:59:11 - webserver - INFO - AnalysisService initialized
2025-06-15 16:59:11 - webserver - INFO - ReportService initialized
2025-06-15 16:59:31 - webserver - INFO - 找到 11 个图表文件, 最新日期: 20250614
2025-06-15 16:59:31 - webserver - WARNING - 最新图表日期 20250614 与当前日期不一致!
2025-06-15 16:59:31 - webserver - INFO - 总共获取了 1 篇分析报告
2025-06-15 16:59:31 - webserver - INFO - 总共获取了 2 篇分析报告
2025-06-15 16:59:31 - webserver - INFO - 总共获取了 3 篇分析报告
2025-06-15 16:59:31 - webserver - INFO - 总共获取了 4 篇分析报告
2025-06-15 16:59:31 - webserver - INFO - 总共获取了 5 篇分析报告
2025-06-15 16:59:31 - webserver - INFO - 总共获取了 6 篇分析报告
2025-06-15 16:59:31 - webserver - INFO - 总共获取了 7 篇分析报告
2025-06-15 16:59:31 - webserver - INFO - 总共获取了 8 篇分析报告
2025-06-15 16:59:31 - webserver - INFO - 总共获取了 9 篇分析报告
2025-06-15 16:59:31 - webserver - INFO - 总共获取了 10 篇分析报告
2025-06-15 16:59:31 - webserver - INFO - 总共获取了 11 篇分析报告
2025-06-15 16:59:31 - webserver - INFO - 总共获取了 12 篇分析报告
2025-06-15 16:59:31 - webserver - INFO - 总共获取了 13 篇分析报告
2025-06-15 16:59:31 - webserver - INFO - 总共获取了 14 篇分析报告
2025-06-15 16:59:31 - webserver - INFO - 总共获取了 15 篇分析报告
2025-06-15 16:59:31 - webserver - INFO - 总共获取了 16 篇分析报告
2025-06-15 16:59:31 - webserver - INFO - 总共获取了 17 篇分析报告
2025-06-15 16:59:31 - webserver - INFO - 总共获取了 18 篇分析报告
2025-06-15 16:59:31 - webserver - INFO - 总共获取了 19 篇分析报告
2025-06-15 16:59:31 - webserver - INFO - 总共获取了 20 篇分析报告
2025-06-15 16:59:31 - webserver - INFO - 总共获取了 21 篇分析报告
2025-06-15 16:59:31 - webserver - INFO - 总共获取了 22 篇分析报告
2025-06-15 16:59:31 - webserver - INFO - 总共获取了 23 篇分析报告
2025-06-15 16:59:31 - webserver - INFO - 总共获取了 24 篇分析报告
2025-06-15 16:59:31 - webserver - INFO - 总共获取了 25 篇分析报告
2025-06-15 16:59:31 - webserver - INFO - 总共获取了 26 篇分析报告
2025-06-15 16:59:31 - webserver - INFO - 总共获取了 27 篇分析报告
2025-06-15 16:59:31 - webserver - INFO - 总共获取了 28 篇分析报告
2025-06-15 16:59:31 - webserver - INFO - 总共获取了 29 篇分析报告
2025-06-15 16:59:31 - webserver - INFO - 总共获取了 30 篇分析报告
2025-06-15 16:59:31 - webserver - INFO - 总共获取了 31 篇分析报告
2025-06-15 16:59:31 - webserver - INFO - 总共获取了 32 篇分析报告
2025-06-15 16:59:31 - webserver - INFO - 总共获取了 33 篇分析报告
2025-06-15 16:59:31 - webserver - INFO - 总共获取了 34 篇分析报告
2025-06-15 16:59:31 - webserver - INFO - 总共获取了 35 篇分析报告
2025-06-15 16:59:31 - webserver - INFO - 总共获取了 36 篇分析报告
2025-06-15 16:59:31 - webserver - INFO - 总共获取了 37 篇分析报告
2025-06-15 16:59:31 - webserver - INFO - 总共获取了 38 篇分析报告
2025-06-15 16:59:31 - webserver - INFO - 总共获取了 39 篇分析报告
2025-06-15 16:59:31 - webserver - INFO - 总共获取了 40 篇分析报告
2025-06-15 16:59:31 - webserver - INFO - 总共获取了 41 篇分析报告
2025-06-15 16:59:31 - webserver - INFO - 总共获取了 42 篇分析报告
2025-06-15 16:59:31 - webserver - INFO - 总共获取了 43 篇分析报告
2025-06-15 16:59:31 - webserver - INFO - 总共获取了 44 篇分析报告
2025-06-15 16:59:31 - webserver - INFO - 总共获取了 45 篇分析报告
2025-06-15 16:59:31 - webserver - INFO - 总共获取了 46 篇分析报告
2025-06-15 16:59:31 - webserver - INFO - 总共获取了 47 篇分析报告
2025-06-15 16:59:31 - webserver - INFO - 总共获取了 48 篇分析报告
2025-06-15 16:59:31 - webserver - INFO - 总共获取了 49 篇分析报告
2025-06-15 16:59:31 - webserver - INFO - 总共获取了 50 篇分析报告
2025-06-15 16:59:31 - webserver - INFO - 总共获取了 51 篇分析报告
2025-06-15 16:59:31 - webserver - INFO - 总共获取了 52 篇分析报告
2025-06-15 16:59:31 - webserver - INFO - 总共获取了 53 篇分析报告
2025-06-15 16:59:31 - webserver - INFO - 总共获取了 54 篇分析报告
2025-06-15 16:59:31 - webserver - INFO - 总共获取了 55 篇分析报告
2025-06-15 16:59:31 - webserver - INFO - 总共获取了 56 篇分析报告
2025-06-15 16:59:31 - webserver - INFO - 总共获取了 57 篇分析报告
2025-06-15 16:59:31 - webserver - INFO - 总共获取了 58 篇分析报告
2025-06-15 16:59:31 - webserver - INFO - 总共获取了 59 篇分析报告
2025-06-15 16:59:31 - webserver - INFO - 总共获取了 60 篇分析报告
2025-06-15 16:59:31 - webserver - INFO - 总共获取了 61 篇分析报告
2025-06-15 16:59:31 - webserver - INFO - 总共获取了 62 篇分析报告
2025-06-15 16:59:31 - webserver - INFO - 总共获取了 63 篇分析报告
2025-06-15 16:59:31 - webserver - INFO - 总共获取了 64 篇分析报告
2025-06-15 16:59:31 - webserver - INFO - 总共获取了 65 篇分析报告
2025-06-15 16:59:31 - webserver - INFO - 总共获取了 66 篇分析报告
2025-06-15 16:59:31 - webserver - INFO - 总共获取了 67 篇分析报告
2025-06-15 16:59:31 - webserver - INFO - 总共获取了 68 篇分析报告
2025-06-15 16:59:31 - webserver - INFO - 总共获取了 69 篇分析报告
2025-06-15 16:59:31 - webserver - INFO - 总共获取了 70 篇分析报告
2025-06-15 16:59:31 - webserver - INFO - 总共获取了 71 篇分析报告
2025-06-15 16:59:31 - webserver - INFO - 总共获取了 72 篇分析报告
2025-06-15 16:59:31 - webserver - INFO - 总共获取了 73 篇分析报告
2025-06-15 16:59:31 - webserver - INFO - 总共获取了 74 篇分析报告
2025-06-15 16:59:31 - webserver - INFO - 总共获取了 75 篇分析报告
2025-06-15 16:59:31 - webserver - INFO - 总共获取了 76 篇分析报告
2025-06-15 16:59:31 - webserver - INFO - 总共获取了 77 篇分析报告
2025-06-15 16:59:31 - webserver - INFO - 总共获取了 78 篇分析报告
2025-06-15 16:59:31 - webserver - INFO - 总共获取了 79 篇分析报告
2025-06-15 16:59:31 - webserver - INFO - 总共获取了 80 篇分析报告
2025-06-15 16:59:31 - webserver - INFO - 总共获取了 81 篇分析报告
2025-06-15 16:59:31 - webserver - INFO - 总共获取了 82 篇分析报告
2025-06-15 16:59:31 - webserver - INFO - 总共获取了 83 篇分析报告
2025-06-15 16:59:31 - webserver - INFO - 总共获取了 84 篇分析报告
2025-06-15 16:59:31 - webserver - INFO - 总共获取了 85 篇分析报告
2025-06-15 16:59:31 - webserver - INFO - 总共获取了 86 篇分析报告
2025-06-15 16:59:31 - webserver - INFO - 总共获取了 87 篇分析报告
2025-06-15 16:59:31 - webserver - INFO - 总共获取了 88 篇分析报告
2025-06-15 16:59:31 - webserver - INFO - 总共获取了 88 篇分析报告
2025-06-15 17:00:02 - webserver - INFO - AnalysisService initialized
2025-06-15 17:00:02 - webserver - INFO - ReportService initialized
2025-06-15 17:00:05 - webserver - INFO - 找到 11 个图表文件, 最新日期: 20250614
2025-06-15 17:00:05 - webserver - WARNING - 最新图表日期 20250614 与当前日期不一致!
2025-06-15 17:00:05 - webserver - INFO - 总共获取了 1 篇分析报告
2025-06-15 17:00:05 - webserver - INFO - 总共获取了 2 篇分析报告
2025-06-15 17:00:05 - webserver - INFO - 总共获取了 3 篇分析报告
2025-06-15 17:00:05 - webserver - INFO - 总共获取了 4 篇分析报告
2025-06-15 17:00:05 - webserver - INFO - 总共获取了 5 篇分析报告
2025-06-15 17:00:05 - webserver - INFO - 总共获取了 6 篇分析报告
2025-06-15 17:00:05 - webserver - INFO - 总共获取了 7 篇分析报告
2025-06-15 17:00:05 - webserver - INFO - 总共获取了 8 篇分析报告
2025-06-15 17:00:05 - webserver - INFO - 总共获取了 9 篇分析报告
2025-06-15 17:00:05 - webserver - INFO - 总共获取了 10 篇分析报告
2025-06-15 17:00:05 - webserver - INFO - 总共获取了 11 篇分析报告
2025-06-15 17:00:05 - webserver - INFO - 总共获取了 12 篇分析报告
2025-06-15 17:00:05 - webserver - INFO - 总共获取了 13 篇分析报告
2025-06-15 17:00:05 - webserver - INFO - 总共获取了 14 篇分析报告
2025-06-15 17:00:05 - webserver - INFO - 总共获取了 15 篇分析报告
2025-06-15 17:00:05 - webserver - INFO - 总共获取了 16 篇分析报告
2025-06-15 17:00:05 - webserver - INFO - 总共获取了 17 篇分析报告
2025-06-15 17:00:05 - webserver - INFO - 总共获取了 18 篇分析报告
2025-06-15 17:00:05 - webserver - INFO - 总共获取了 19 篇分析报告
2025-06-15 17:00:05 - webserver - INFO - 总共获取了 20 篇分析报告
2025-06-15 17:00:05 - webserver - INFO - 总共获取了 21 篇分析报告
2025-06-15 17:00:05 - webserver - INFO - 总共获取了 22 篇分析报告
2025-06-15 17:00:05 - webserver - INFO - 总共获取了 23 篇分析报告
2025-06-15 17:00:05 - webserver - INFO - 总共获取了 24 篇分析报告
2025-06-15 17:00:05 - webserver - INFO - 总共获取了 25 篇分析报告
2025-06-15 17:00:05 - webserver - INFO - 总共获取了 26 篇分析报告
2025-06-15 17:00:05 - webserver - INFO - 总共获取了 27 篇分析报告
2025-06-15 17:00:05 - webserver - INFO - 总共获取了 28 篇分析报告
2025-06-15 17:00:05 - webserver - INFO - 总共获取了 29 篇分析报告
2025-06-15 17:00:05 - webserver - INFO - 总共获取了 30 篇分析报告
2025-06-15 17:00:05 - webserver - INFO - 总共获取了 31 篇分析报告
2025-06-15 17:00:05 - webserver - INFO - 总共获取了 32 篇分析报告
2025-06-15 17:00:05 - webserver - INFO - 总共获取了 33 篇分析报告
2025-06-15 17:00:05 - webserver - INFO - 总共获取了 34 篇分析报告
2025-06-15 17:00:05 - webserver - INFO - 总共获取了 35 篇分析报告
2025-06-15 17:00:05 - webserver - INFO - 总共获取了 36 篇分析报告
2025-06-15 17:00:05 - webserver - INFO - 总共获取了 37 篇分析报告
2025-06-15 17:00:05 - webserver - INFO - 总共获取了 38 篇分析报告
2025-06-15 17:00:05 - webserver - INFO - 总共获取了 39 篇分析报告
2025-06-15 17:00:05 - webserver - INFO - 总共获取了 40 篇分析报告
2025-06-15 17:00:05 - webserver - INFO - 总共获取了 41 篇分析报告
2025-06-15 17:00:05 - webserver - INFO - 总共获取了 42 篇分析报告
2025-06-15 17:00:05 - webserver - INFO - 总共获取了 43 篇分析报告
2025-06-15 17:00:05 - webserver - INFO - 总共获取了 44 篇分析报告
2025-06-15 17:00:05 - webserver - INFO - 总共获取了 45 篇分析报告
2025-06-15 17:00:05 - webserver - INFO - 总共获取了 46 篇分析报告
2025-06-15 17:00:05 - webserver - INFO - 总共获取了 47 篇分析报告
2025-06-15 17:00:05 - webserver - INFO - 总共获取了 48 篇分析报告
2025-06-15 17:00:05 - webserver - INFO - 总共获取了 49 篇分析报告
2025-06-15 17:00:05 - webserver - INFO - 总共获取了 50 篇分析报告
2025-06-15 17:00:05 - webserver - INFO - 总共获取了 51 篇分析报告
2025-06-15 17:00:05 - webserver - INFO - 总共获取了 52 篇分析报告
2025-06-15 17:00:05 - webserver - INFO - 总共获取了 53 篇分析报告
2025-06-15 17:00:05 - webserver - INFO - 总共获取了 54 篇分析报告
2025-06-15 17:00:05 - webserver - INFO - 总共获取了 55 篇分析报告
2025-06-15 17:00:05 - webserver - INFO - 总共获取了 56 篇分析报告
2025-06-15 17:00:05 - webserver - INFO - 总共获取了 57 篇分析报告
2025-06-15 17:00:05 - webserver - INFO - 总共获取了 58 篇分析报告
2025-06-15 17:00:05 - webserver - INFO - 总共获取了 59 篇分析报告
2025-06-15 17:00:05 - webserver - INFO - 总共获取了 60 篇分析报告
2025-06-15 17:00:05 - webserver - INFO - 总共获取了 61 篇分析报告
2025-06-15 17:00:05 - webserver - INFO - 总共获取了 62 篇分析报告
2025-06-15 17:00:05 - webserver - INFO - 总共获取了 63 篇分析报告
2025-06-15 17:00:05 - webserver - INFO - 总共获取了 64 篇分析报告
2025-06-15 17:00:05 - webserver - INFO - 总共获取了 65 篇分析报告
2025-06-15 17:00:05 - webserver - INFO - 总共获取了 66 篇分析报告
2025-06-15 17:00:05 - webserver - INFO - 总共获取了 67 篇分析报告
2025-06-15 17:00:05 - webserver - INFO - 总共获取了 68 篇分析报告
2025-06-15 17:00:05 - webserver - INFO - 总共获取了 69 篇分析报告
2025-06-15 17:00:05 - webserver - INFO - 总共获取了 70 篇分析报告
2025-06-15 17:00:05 - webserver - INFO - 总共获取了 71 篇分析报告
2025-06-15 17:00:05 - webserver - INFO - 总共获取了 72 篇分析报告
2025-06-15 17:00:05 - webserver - INFO - 总共获取了 73 篇分析报告
2025-06-15 17:00:05 - webserver - INFO - 总共获取了 74 篇分析报告
2025-06-15 17:00:05 - webserver - INFO - 总共获取了 75 篇分析报告
2025-06-15 17:00:05 - webserver - INFO - 总共获取了 76 篇分析报告
2025-06-15 17:00:05 - webserver - INFO - 总共获取了 77 篇分析报告
2025-06-15 17:00:05 - webserver - INFO - 总共获取了 78 篇分析报告
2025-06-15 17:00:05 - webserver - INFO - 总共获取了 79 篇分析报告
2025-06-15 17:00:05 - webserver - INFO - 总共获取了 80 篇分析报告
2025-06-15 17:00:05 - webserver - INFO - 总共获取了 81 篇分析报告
2025-06-15 17:00:05 - webserver - INFO - 总共获取了 82 篇分析报告
2025-06-15 17:00:05 - webserver - INFO - 总共获取了 83 篇分析报告
2025-06-15 17:00:05 - webserver - INFO - 总共获取了 84 篇分析报告
2025-06-15 17:00:05 - webserver - INFO - 总共获取了 85 篇分析报告
2025-06-15 17:00:05 - webserver - INFO - 总共获取了 86 篇分析报告
2025-06-15 17:00:05 - webserver - INFO - 总共获取了 87 篇分析报告
2025-06-15 17:00:05 - webserver - INFO - 总共获取了 88 篇分析报告
2025-06-15 17:00:05 - webserver - INFO - 总共获取了 88 篇分析报告
2025-06-15 17:00:22 - webserver - INFO - AnalysisService initialized
2025-06-15 17:00:22 - webserver - INFO - ReportService initialized
2025-06-15 17:01:53 - webserver - INFO - AnalysisService initialized
2025-06-15 17:01:53 - webserver - INFO - ReportService initialized
2025-06-15 17:02:48 - webserver - INFO - AnalysisService initialized
2025-06-15 17:02:48 - webserver - INFO - ReportService initialized
2025-06-15 17:31:29 - webserver - INFO - 找到 11 个图表文件, 最新日期: 20250614
2025-06-15 17:31:29 - webserver - WARNING - 最新图表日期 20250614 与当前日期不一致!
2025-06-15 17:31:29 - webserver - INFO - 总共获取了 88 篇分析报告
2025-06-15 17:31:58 - webserver - INFO - AnalysisService initialized
2025-06-15 17:31:58 - webserver - INFO - ReportService initialized
2025-06-15 17:32:08 - webserver - INFO - 找到 11 个图表文件, 最新日期: 20250614
2025-06-15 17:32:08 - webserver - WARNING - 最新图表日期 20250614 与当前日期不一致!
2025-06-15 17:32:08 - webserver - INFO - 总共获取了 88 篇分析报告
2025-06-15 17:33:58 - webserver - INFO - AnalysisService initialized
2025-06-15 17:33:58 - webserver - INFO - ReportService initialized
2025-06-15 17:34:27 - webserver - INFO - AnalysisService initialized
2025-06-15 17:34:27 - webserver - INFO - ReportService initialized
2025-06-15 17:34:36 - webserver - INFO - AnalysisService initialized
2025-06-15 17:34:36 - webserver - INFO - ReportService initialized
2025-06-15 17:35:13 - webserver - INFO - 找到 11 个图表文件, 最新日期: 20250614
2025-06-15 17:35:13 - webserver - WARNING - 最新图表日期 20250614 与当前日期不一致!
2025-06-15 17:35:13 - webserver - INFO - 总共获取了 88 篇分析报告
2025-06-15 17:35:21 - webserver - INFO - 收到请求参数：开始日期=2025-06-08, 结束日期=2025-06-15
2025-06-15 17:35:59 - webserver - INFO - AnalysisService initialized
2025-06-15 17:35:59 - webserver - INFO - ReportService initialized
2025-06-15 17:36:02 - webserver - INFO - 收到请求参数：开始日期=2025-06-08, 结束日期=2025-06-15
2025-06-15 17:36:02 - webserver - INFO - [手动分析] 获取到文章数量: 81
2025-06-15 17:36:50 - webserver - INFO - AnalysisService initialized
2025-06-15 17:36:50 - webserver - INFO - ReportService initialized
2025-06-15 17:37:55 - webserver - INFO - 收到请求参数：开始日期=2025-06-08, 结束日期=2025-06-15
2025-06-15 17:37:55 - webserver - INFO - [手动分析] 获取到文章数量: 81
2025-06-15 17:38:18 - webserver - INFO - AnalysisService initialized
2025-06-15 17:38:18 - webserver - INFO - ReportService initialized
2025-06-15 17:38:19 - webserver - INFO - 收到请求参数：开始日期=2025-06-08, 结束日期=2025-06-15
2025-06-15 17:38:19 - webserver - INFO - [手动分析] 获取到文章数量: 81
2025-06-15 17:38:46 - webserver - INFO - 收到请求参数：开始日期=2025-06-08, 结束日期=2025-06-15
2025-06-15 17:38:46 - webserver - INFO - [手动分析] 获取到文章数量: 81
2025-06-15 17:39:43 - webserver - INFO - AnalysisService initialized
2025-06-15 17:39:43 - webserver - INFO - ReportService initialized
2025-06-15 17:39:49 - webserver - INFO - [手动分析] AI分析: (1 / 81), 标题: 20250613郑商所白糖期权报价
2025-06-15 17:39:49 - webserver - INFO - [手动分析] 命中缓存: (2 / 81), 标题: 20250613机构场外期权报价
2025-06-15 17:39:51 - webserver - INFO - [手动分析] 命中缓存: (3 / 81), 标题: 产糖率14.66%！探寻广西这家制糖公司荣登榜首的秘诀
2025-06-15 17:39:53 - webserver - INFO - [手动分析] 命中缓存: (4 / 81), 标题: 20250613国内制糖集团报价
2025-06-15 17:39:55 - webserver - INFO - [手动分析] 命中缓存: (5 / 81), 标题: 广西土壤墒情简报：全区农田墒情八五成以上适宜至过多 2025年第11期（总第331期）
2025-06-15 17:40:06 - webserver - INFO - [手动分析] AI分析: (6 / 81), 标题: USDA预计美国2025/26榨季产糖量为925.4万短吨
2025-06-15 17:40:11 - webserver - INFO - AnalysisService initialized
2025-06-15 17:40:11 - webserver - INFO - ReportService initialized
2025-06-15 17:40:45 - webserver - INFO - AnalysisService initialized
2025-06-15 17:40:45 - webserver - INFO - ReportService initialized
2025-06-15 19:08:44 - webserver - INFO - AnalysisService initialized
2025-06-15 19:08:44 - webserver - INFO - ReportService initialized
2025-06-15 19:08:45 - webserver - INFO - AnalysisService initialized
2025-06-15 19:08:45 - webserver - INFO - ReportService initialized
2025-06-15 19:09:20 - webserver - INFO - AnalysisService initialized
2025-06-15 19:09:20 - webserver - INFO - ReportService initialized
2025-06-15 19:09:20 - webserver - INFO - AnalysisService initialized
2025-06-15 19:09:20 - webserver - INFO - ReportService initialized
2025-06-15 19:09:53 - webserver - INFO - [自动分析] 找到 11 个图表文件, 最新日期: 20250614
2025-06-15 19:09:53 - webserver - WARNING - 最新图表日期 20250614 与当前日期不一致!
2025-06-15 19:09:53 - webserver - INFO - 总共获取了 88 篇分析报告
2025-06-15 19:15:26 - webserver - INFO - AnalysisService initialized
2025-06-15 19:15:26 - webserver - INFO - ReportService initialized
2025-06-16 01:09:25 - webserver - INFO - AnalysisService initialized
2025-06-16 01:09:25 - webserver - INFO - ReportService initialized
2025-06-16 01:09:25 - webserver - INFO - stockService initialized
2025-06-16 01:09:49 - webserver - INFO - AnalysisService initialized
2025-06-16 01:09:49 - webserver - INFO - ReportService initialized
2025-06-16 01:09:49 - webserver - INFO - stockService initialized
2025-06-16 01:09:50 - webserver - INFO - AnalysisService initialized
2025-06-16 01:09:50 - webserver - INFO - ReportService initialized
2025-06-16 01:09:50 - webserver - INFO - stockService initialized
2025-06-16 01:10:25 - webserver - INFO - AnalysisService initialized
2025-06-16 01:10:25 - webserver - INFO - ReportService initialized
2025-06-16 01:10:25 - webserver - INFO - stockService initialized
2025-06-16 01:10:52 - webserver - INFO - AnalysisService initialized
2025-06-16 01:10:52 - webserver - INFO - ReportService initialized
2025-06-16 01:10:52 - webserver - INFO - stockService initialized
2025-06-16 01:11:08 - webserver - INFO - AnalysisService initialized
2025-06-16 01:11:08 - webserver - INFO - ReportService initialized
2025-06-16 01:11:08 - webserver - INFO - stockService initialized
2025-06-16 01:11:15 - webserver - INFO - AnalysisService initialized
2025-06-16 01:11:15 - webserver - INFO - ReportService initialized
2025-06-16 01:11:15 - webserver - INFO - stockService initialized
2025-06-16 01:11:51 - webserver - INFO - AnalysisService initialized
2025-06-16 01:11:51 - webserver - INFO - ReportService initialized
2025-06-16 01:11:51 - webserver - INFO - stockService initialized
2025-06-16 01:13:26 - webserver - INFO - AnalysisService initialized
2025-06-16 01:13:26 - webserver - INFO - ReportService initialized
2025-06-16 01:13:26 - webserver - INFO - stockService initialized
2025-06-16 01:15:28 - webserver - INFO - AnalysisService initialized
2025-06-16 01:15:28 - webserver - INFO - ReportService initialized
2025-06-16 01:15:28 - webserver - INFO - stockService initialized
2025-06-16 01:15:34 - webserver - INFO - AnalysisService initialized
2025-06-16 01:15:34 - webserver - INFO - ReportService initialized
2025-06-16 01:15:34 - webserver - INFO - stockService initialized
2025-06-16 01:16:02 - webserver - INFO - AnalysisService initialized
2025-06-16 01:16:02 - webserver - INFO - ReportService initialized
2025-06-16 01:16:02 - webserver - INFO - stockService initialized
2025-06-16 01:16:07 - webserver - INFO - AnalysisService initialized
2025-06-16 01:16:07 - webserver - INFO - ReportService initialized
2025-06-16 01:16:07 - webserver - INFO - stockService initialized
2025-06-16 01:16:07 - webserver - INFO - Returning stock results for date: 2025-06-14 00:00:00
2025-06-16 01:16:40 - webserver - INFO - AnalysisService initialized
2025-06-16 01:16:40 - webserver - INFO - ReportService initialized
2025-06-16 01:16:40 - webserver - INFO - stockService initialized
2025-06-16 01:16:40 - webserver - INFO - Returning stock results for date: 2025-06-14 00:00:00
2025-06-16 01:17:09 - webserver - INFO - AnalysisService initialized
2025-06-16 01:17:09 - webserver - INFO - ReportService initialized
2025-06-16 01:17:09 - webserver - INFO - stockService initialized
2025-06-16 01:19:12 - webserver - INFO - Returning stock results for date: 2025-06-14 00:00:00
2025-06-16 01:19:45 - webserver - INFO - Returning stock results for date: 2025-06-14 00:00:00
2025-06-16 01:21:28 - webserver - INFO - Returning stock results for date: 2025-06-14 00:00:00
2025-06-16 01:21:55 - webserver - INFO - Returning stock results for date: 2025-06-14 00:00:00
2025-06-16 01:22:20 - webserver - INFO - Returning stock results for date: 2025-06-14 00:00:00
2025-06-16 01:22:52 - webserver - INFO - Returning stock results for date: 2025-06-14 00:00:00
2025-06-16 01:23:10 - webserver - INFO - Returning stock results for date: 2025-06-14 00:00:00
2025-06-16 01:25:26 - webserver - INFO - Returning stock results for date: 2025-06-14 00:00:00
